<?xml version="1.0" encoding="UTF-8"?>
<testsuite name="com.hkunitedauction.sample.test.StreamTest" time="0.003" tests="1" errors="1" skipped="0" failures="0">
  <properties>
[...]
</properties>
  <testcase name="send" classname="com.hkunitedauction.sample.test.StreamTest" time="0.003">
    <error message="Failed to load ApplicationContext" type="java.lang.IllegalStateException">java.lang.IllegalStateException: Failed to load ApplicationContext
	at org.springframework.test.context.cache.DefaultCacheAwareContextLoaderDelegate.loadContext(DefaultCacheAwareContextLoaderDelegate.java:124)
	at org.springframework.test.context.support.DefaultTestContext.getApplicationContext(DefaultTestContext.java:83)
	at org.springframework.test.context.web.ServletTestExecutionListener.setUpRequestContextIfNecessary(ServletTestExecutionListener.java:189)
	at org.springframework.test.context.web.ServletTestExecutionListener.prepareTestInstance(ServletTestExecutionListener.java:131)
	at org.springframework.test.context.TestContextManager.prepareTestInstance(TestContextManager.java:230)
	at org.springframework.test.context.junit4.SpringJUnit4ClassRunner.createTest(SpringJUnit4ClassRunner.java:228)
	at org.springframework.test.context.junit4.SpringJUnit4ClassRunner$1.runReflectiveCall(SpringJUnit4ClassRunner.java:287)
	at org.junit.internal.runners.model.ReflectiveCallable.run(ReflectiveCallable.java:12)
	at org.springframework.test.context.junit4.SpringJUnit4ClassRunner.methodBlock(SpringJUnit4ClassRunner.java:289)
	at org.springframework.test.context.junit4.SpringJUnit4ClassRunner.runChild(SpringJUnit4ClassRunner.java:247)
	at org.springframework.test.context.junit4.SpringJUnit4ClassRunner.runChild(SpringJUnit4ClassRunner.java:94)
	at org.junit.runners.ParentRunner$3.run(ParentRunner.java:290)
	at org.junit.runners.ParentRunner$1.schedule(ParentRunner.java:71)
	at org.junit.runners.ParentRunner.runChildren(ParentRunner.java:288)
	at org.junit.runners.ParentRunner.access$000(ParentRunner.java:58)
	at org.junit.runners.ParentRunner$2.evaluate(ParentRunner.java:268)
	at org.springframework.test.context.junit4.statements.RunBeforeTestClassCallbacks.evaluate(RunBeforeTestClassCallbacks.java:61)
	at org.springframework.test.context.junit4.statements.RunAfterTestClassCallbacks.evaluate(RunAfterTestClassCallbacks.java:70)
	at org.junit.runners.ParentRunner.run(ParentRunner.java:363)
	at org.springframework.test.context.junit4.SpringJUnit4ClassRunner.run(SpringJUnit4ClassRunner.java:191)
	at org.apache.maven.surefire.junit4.JUnit4Provider.execute(JUnit4Provider.java:283)
	at org.apache.maven.surefire.junit4.JUnit4Provider.executeWithRerun(JUnit4Provider.java:173)
	at org.apache.maven.surefire.junit4.JUnit4Provider.executeTestSet(JUnit4Provider.java:153)
	at org.apache.maven.surefire.junit4.JUnit4Provider.invoke(JUnit4Provider.java:128)
	at org.apache.maven.surefire.booter.ForkedBooter.invokeProviderInSameClassLoader(ForkedBooter.java:203)
	at org.apache.maven.surefire.booter.ForkedBooter.runSuitesInProcess(ForkedBooter.java:155)
	at org.apache.maven.surefire.booter.ForkedBooter.main(ForkedBooter.java:103)
Caused by: org.springframework.beans.factory.BeanCreationException: Error creating bean with name 'helloFacadeImpl': Injection of autowired dependencies failed; nested exception is java.lang.IllegalArgumentException: Could not resolve placeholder 'book.config' in value "${book.config}"
	at org.springframework.beans.factory.annotation.AutowiredAnnotationBeanPostProcessor.postProcessPropertyValues(AutowiredAnnotationBeanPostProcessor.java:372)
	at org.springframework.beans.factory.support.AbstractAutowireCapableBeanFactory.populateBean(AbstractAutowireCapableBeanFactory.java:1264)
	at org.springframework.beans.factory.support.AbstractAutowireCapableBeanFactory.doCreateBean(AbstractAutowireCapableBeanFactory.java:553)
	at org.springframework.beans.factory.support.AbstractAutowireCapableBeanFactory.createBean(AbstractAutowireCapableBeanFactory.java:483)
	at org.springframework.beans.factory.support.AbstractBeanFactory$1.getObject(AbstractBeanFactory.java:306)
	at org.springframework.beans.factory.support.DefaultSingletonBeanRegistry.getSingleton(DefaultSingletonBeanRegistry.java:230)
	at org.springframework.beans.factory.support.AbstractBeanFactory.doGetBean(AbstractBeanFactory.java:302)
	at org.springframework.beans.factory.support.AbstractBeanFactory.getBean(AbstractBeanFactory.java:197)
	at org.springframework.beans.factory.support.DefaultListableBeanFactory.preInstantiateSingletons(DefaultListableBeanFactory.java:761)
	at org.springframework.context.support.AbstractApplicationContext.finishBeanFactoryInitialization(AbstractApplicationContext.java:867)
	at org.springframework.context.support.AbstractApplicationContext.refresh(AbstractApplicationContext.java:543)
	at org.springframework.boot.SpringApplication.refresh(SpringApplication.java:693)
	at org.springframework.boot.SpringApplication.refreshContext(SpringApplication.java:360)
	at org.springframework.boot.SpringApplication.run(SpringApplication.java:303)
	at org.springframework.boot.test.context.SpringBootContextLoader.loadContext(SpringBootContextLoader.java:120)
	at org.springframework.test.context.cache.DefaultCacheAwareContextLoaderDelegate.loadContextInternal(DefaultCacheAwareContextLoaderDelegate.java:98)
	at org.springframework.test.context.cache.DefaultCacheAwareContextLoaderDelegate.loadContext(DefaultCacheAwareContextLoaderDelegate.java:116)
	at org.springframework.test.context.support.DefaultTestContext.getApplicationContext(DefaultTestContext.java:83)
	at org.springframework.test.context.web.ServletTestExecutionListener.setUpRequestContextIfNecessary(ServletTestExecutionListener.java:189)
	at org.springframework.test.context.web.ServletTestExecutionListener.prepareTestInstance(ServletTestExecutionListener.java:131)
	at org.springframework.test.context.TestContextManager.prepareTestInstance(TestContextManager.java:230)
	at org.springframework.test.context.junit4.SpringJUnit4ClassRunner.createTest(SpringJUnit4ClassRunner.java:228)
	at org.springframework.test.context.junit4.SpringJUnit4ClassRunner$1.runReflectiveCall(SpringJUnit4ClassRunner.java:287)
	at org.junit.internal.runners.model.ReflectiveCallable.run(ReflectiveCallable.java:12)
	at org.springframework.test.context.junit4.SpringJUnit4ClassRunner.methodBlock(SpringJUnit4ClassRunner.java:289)
	at org.springframework.test.context.junit4.SpringJUnit4ClassRunner.runChild(SpringJUnit4ClassRunner.java:247)
	at org.springframework.test.context.junit4.SpringJUnit4ClassRunner.runChild(SpringJUnit4ClassRunner.java:94)
	at org.junit.runners.ParentRunner$3.run(ParentRunner.java:290)
	at org.junit.runners.ParentRunner$1.schedule(ParentRunner.java:71)
	at org.junit.runners.ParentRunner.runChildren(ParentRunner.java:288)
	at org.junit.runners.ParentRunner.access$000(ParentRunner.java:58)
	at org.junit.runners.ParentRunner$2.evaluate(ParentRunner.java:268)
	at org.springframework.test.context.junit4.statements.RunBeforeTestClassCallbacks.evaluate(RunBeforeTestClassCallbacks.java:61)
	at org.springframework.test.context.junit4.statements.RunAfterTestClassCallbacks.evaluate(RunAfterTestClassCallbacks.java:70)
	at org.junit.runners.ParentRunner.run(ParentRunner.java:363)
	at org.springframework.test.context.junit4.SpringJUnit4ClassRunner.run(SpringJUnit4ClassRunner.java:191)
	at org.apache.maven.surefire.junit4.JUnit4Provider.execute(JUnit4Provider.java:283)
	at org.apache.maven.surefire.junit4.JUnit4Provider.executeWithRerun(JUnit4Provider.java:173)
	at org.apache.maven.surefire.junit4.JUnit4Provider.executeTestSet(JUnit4Provider.java:153)
	at org.apache.maven.surefire.junit4.JUnit4Provider.invoke(JUnit4Provider.java:128)
	at org.apache.maven.surefire.booter.ForkedBooter.invokeProviderInSameClassLoader(ForkedBooter.java:203)
	at org.apache.maven.surefire.booter.ForkedBooter.runSuitesInProcess(ForkedBooter.java:155)
	at org.apache.maven.surefire.booter.ForkedBooter.main(ForkedBooter.java:103)
Caused by: java.lang.IllegalArgumentException: Could not resolve placeholder 'book.config' in value "${book.config}"
	at org.springframework.util.PropertyPlaceholderHelper.parseStringValue(PropertyPlaceholderHelper.java:174)
	at org.springframework.util.PropertyPlaceholderHelper.replacePlaceholders(PropertyPlaceholderHelper.java:126)
	at org.springframework.core.env.AbstractPropertyResolver.doResolvePlaceholders(AbstractPropertyResolver.java:236)
	at org.springframework.core.env.AbstractPropertyResolver.resolveRequiredPlaceholders(AbstractPropertyResolver.java:210)
	at org.springframework.context.support.PropertySourcesPlaceholderConfigurer$2.resolveStringValue(PropertySourcesPlaceholderConfigurer.java:172)
	at org.springframework.beans.factory.support.AbstractBeanFactory.resolveEmbeddedValue(AbstractBeanFactory.java:831)
	at org.springframework.beans.factory.support.DefaultListableBeanFactory.doResolveDependency(DefaultListableBeanFactory.java:1086)
	at org.springframework.beans.factory.support.DefaultListableBeanFactory.resolveDependency(DefaultListableBeanFactory.java:1066)
	at org.springframework.beans.factory.annotation.AutowiredAnnotationBeanPostProcessor$AutowiredFieldElement.inject(AutowiredAnnotationBeanPostProcessor.java:585)
	at org.springframework.beans.factory.annotation.InjectionMetadata.inject(InjectionMetadata.java:88)
	at org.springframework.beans.factory.annotation.AutowiredAnnotationBeanPostProcessor.postProcessPropertyValues(AutowiredAnnotationBeanPostProcessor.java:366)
	at org.springframework.beans.factory.support.AbstractAutowireCapableBeanFactory.populateBean(AbstractAutowireCapableBeanFactory.java:1264)
	at org.springframework.beans.factory.support.AbstractAutowireCapableBeanFactory.doCreateBean(AbstractAutowireCapableBeanFactory.java:553)
	at org.springframework.beans.factory.support.AbstractAutowireCapableBeanFactory.createBean(AbstractAutowireCapableBeanFactory.java:483)
	at org.springframework.beans.factory.support.AbstractBeanFactory$1.getObject(AbstractBeanFactory.java:306)
	at org.springframework.beans.factory.support.DefaultSingletonBeanRegistry.getSingleton(DefaultSingletonBeanRegistry.java:230)
	at org.springframework.beans.factory.support.AbstractBeanFactory.doGetBean(AbstractBeanFactory.java:302)
	at org.springframework.beans.factory.support.AbstractBeanFactory.getBean(AbstractBeanFactory.java:197)
	at org.springframework.beans.factory.support.DefaultListableBeanFactory.preInstantiateSingletons(DefaultListableBeanFactory.java:761)
	at org.springframework.context.support.AbstractApplicationContext.finishBeanFactoryInitialization(AbstractApplicationContext.java:867)
	at org.springframework.context.support.AbstractApplicationContext.refresh(AbstractApplicationContext.java:543)
	at org.springframework.boot.SpringApplication.refresh(SpringApplication.java:693)
	at org.springframework.boot.SpringApplication.refreshContext(SpringApplication.java:360)
	at org.springframework.boot.SpringApplication.run(SpringApplication.java:303)
	at org.springframework.boot.test.context.SpringBootContextLoader.loadContext(SpringBootContextLoader.java:120)
	at org.springframework.test.context.cache.DefaultCacheAwareContextLoaderDelegate.loadContextInternal(DefaultCacheAwareContextLoaderDelegate.java:98)
	at org.springframework.test.context.cache.DefaultCacheAwareContextLoaderDelegate.loadContext(DefaultCacheAwareContextLoaderDelegate.java:116)
	at org.springframework.test.context.support.DefaultTestContext.getApplicationContext(DefaultTestContext.java:83)
	at org.springframework.test.context.web.ServletTestExecutionListener.setUpRequestContextIfNecessary(ServletTestExecutionListener.java:189)
	at org.springframework.test.context.web.ServletTestExecutionListener.prepareTestInstance(ServletTestExecutionListener.java:131)
	at org.springframework.test.context.TestContextManager.prepareTestInstance(TestContextManager.java:230)
	at org.springframework.test.context.junit4.SpringJUnit4ClassRunner.createTest(SpringJUnit4ClassRunner.java:228)
	at org.springframework.test.context.junit4.SpringJUnit4ClassRunner$1.runReflectiveCall(SpringJUnit4ClassRunner.java:287)
	at org.junit.internal.runners.model.ReflectiveCallable.run(ReflectiveCallable.java:12)
	at org.springframework.test.context.junit4.SpringJUnit4ClassRunner.methodBlock(SpringJUnit4ClassRunner.java:289)
	at org.springframework.test.context.junit4.SpringJUnit4ClassRunner.runChild(SpringJUnit4ClassRunner.java:247)
	at org.springframework.test.context.junit4.SpringJUnit4ClassRunner.runChild(SpringJUnit4ClassRunner.java:94)
	at org.junit.runners.ParentRunner$3.run(ParentRunner.java:290)
	at org.junit.runners.ParentRunner$1.schedule(ParentRunner.java:71)
	at org.junit.runners.ParentRunner.runChildren(ParentRunner.java:288)
	at org.junit.runners.ParentRunner.access$000(ParentRunner.java:58)
	at org.junit.runners.ParentRunner$2.evaluate(ParentRunner.java:268)
	at org.springframework.test.context.junit4.statements.RunBeforeTestClassCallbacks.evaluate(RunBeforeTestClassCallbacks.java:61)
	at org.springframework.test.context.junit4.statements.RunAfterTestClassCallbacks.evaluate(RunAfterTestClassCallbacks.java:70)
	at org.junit.runners.ParentRunner.run(ParentRunner.java:363)
	at org.springframework.test.context.junit4.SpringJUnit4ClassRunner.run(SpringJUnit4ClassRunner.java:191)
	at org.apache.maven.surefire.junit4.JUnit4Provider.execute(JUnit4Provider.java:283)
	at org.apache.maven.surefire.junit4.JUnit4Provider.executeWithRerun(JUnit4Provider.java:173)
	at org.apache.maven.surefire.junit4.JUnit4Provider.executeTestSet(JUnit4Provider.java:153)
	at org.apache.maven.surefire.junit4.JUnit4Provider.invoke(JUnit4Provider.java:128)
	at org.apache.maven.surefire.booter.ForkedBooter.invokeProviderInSameClassLoader(ForkedBooter.java:203)
	at org.apache.maven.surefire.booter.ForkedBooter.runSuitesInProcess(ForkedBooter.java:155)
	at org.apache.maven.surefire.booter.ForkedBooter.main(ForkedBooter.java:103)
</error>
    <system-out><![CDATA[21:51:12.420 [main] DEBUG org.springframework.test.context.junit4.SpringJUnit4ClassRunner - SpringJUnit4ClassRunner constructor called with [class com.hkunitedauction.sample.test.StreamTest]
21:51:12.424 [main] DEBUG org.springframework.test.context.BootstrapUtils - Instantiating CacheAwareContextLoaderDelegate from class [org.springframework.test.context.cache.DefaultCacheAwareContextLoaderDelegate]
21:51:12.429 [main] DEBUG org.springframework.test.context.BootstrapUtils - Instantiating BootstrapContext using constructor [public org.springframework.test.context.support.DefaultBootstrapContext(java.lang.Class,org.springframework.test.context.CacheAwareContextLoaderDelegate)]
21:51:12.444 [main] DEBUG org.springframework.test.context.BootstrapUtils - Instantiating TestContextBootstrapper for test class [com.hkunitedauction.sample.test.StreamTest] from class [org.springframework.boot.test.context.SpringBootTestContextBootstrapper]
21:51:12.455 [main] INFO org.springframework.boot.test.context.SpringBootTestContextBootstrapper - Neither @ContextConfiguration nor @ContextHierarchy found for test class [com.hkunitedauction.sample.test.StreamTest], using SpringBootContextLoader
21:51:12.458 [main] DEBUG org.springframework.test.context.support.AbstractContextLoader - Did not detect default resource location for test class [com.hkunitedauction.sample.test.StreamTest]: class path resource [com/hkunitedauction/sample/test/StreamTest-context.xml] does not exist
21:51:12.459 [main] DEBUG org.springframework.test.context.support.AbstractContextLoader - Did not detect default resource location for test class [com.hkunitedauction.sample.test.StreamTest]: class path resource [com/hkunitedauction/sample/test/StreamTestContext.groovy] does not exist
21:51:12.459 [main] INFO org.springframework.test.context.support.AbstractContextLoader - Could not detect default resource locations for test class [com.hkunitedauction.sample.test.StreamTest]: no resource found for suffixes {-context.xml, Context.groovy}.
21:51:12.489 [main] DEBUG org.springframework.test.context.support.ActiveProfilesUtils - Could not find an 'annotation declaring class' for annotation type [org.springframework.test.context.ActiveProfiles] and class [com.hkunitedauction.sample.test.StreamTest]
21:51:12.524 [main] DEBUG org.springframework.boot.test.context.SpringBootTestContextBootstrapper - @TestExecutionListeners is not present for class [com.hkunitedauction.sample.test.StreamTest]: using defaults.
21:51:12.531 [main] INFO org.springframework.boot.test.context.SpringBootTestContextBootstrapper - Loaded default TestExecutionListener class names from location [META-INF/spring.factories]: [org.springframework.boot.test.mock.mockito.MockitoTestExecutionListener, org.springframework.boot.test.mock.mockito.ResetMocksTestExecutionListener, org.springframework.boot.test.autoconfigure.restdocs.RestDocsTestExecutionListener, org.springframework.boot.test.autoconfigure.web.client.MockRestServiceServerResetTestExecutionListener, org.springframework.boot.test.autoconfigure.web.servlet.MockMvcPrintOnlyOnFailureTestExecutionListener, org.springframework.boot.test.autoconfigure.web.servlet.WebDriverTestExecutionListener, org.springframework.test.context.web.ServletTestExecutionListener, org.springframework.test.context.support.DirtiesContextBeforeModesTestExecutionListener, org.springframework.test.context.support.DependencyInjectionTestExecutionListener, org.springframework.test.context.support.DirtiesContextTestExecutionListener, org.springframework.test.context.transaction.TransactionalTestExecutionListener, org.springframework.test.context.jdbc.SqlScriptsTestExecutionListener]
21:51:12.548 [main] INFO org.springframework.boot.test.context.SpringBootTestContextBootstrapper - Using TestExecutionListeners: [org.springframework.test.context.web.ServletTestExecutionListener@1d548a08, org.springframework.test.context.support.DirtiesContextBeforeModesTestExecutionListener@16aa0a0a, org.springframework.boot.test.autoconfigure.SpringBootDependencyInjectionTestExecutionListener@780cb77, org.springframework.test.context.support.DirtiesContextTestExecutionListener@691a7f8f, org.springframework.test.context.transaction.TransactionalTestExecutionListener@50a7bc6e, org.springframework.test.context.jdbc.SqlScriptsTestExecutionListener@161b062a, org.springframework.boot.test.autoconfigure.restdocs.RestDocsTestExecutionListener@17c1bced, org.springframework.boot.test.autoconfigure.web.servlet.MockMvcPrintOnlyOnFailureTestExecutionListener@2d9d4f9d, org.springframework.boot.test.mock.mockito.ResetMocksTestExecutionListener@4034c28c, org.springframework.boot.test.autoconfigure.web.client.MockRestServiceServerResetTestExecutionListener@e50a6f6, org.springframework.boot.test.autoconfigure.web.servlet.WebDriverTestExecutionListener@14ec4505, org.springframework.boot.test.mock.mockito.MockitoTestExecutionListener@53ca01a2]
21:51:12.550 [main] DEBUG org.springframework.test.annotation.ProfileValueUtils - Retrieved @ProfileValueSourceConfiguration [null] for test class [com.hkunitedauction.sample.test.StreamTest]
21:51:12.551 [main] DEBUG org.springframework.test.annotation.ProfileValueUtils - Retrieved ProfileValueSource type [class org.springframework.test.annotation.SystemProfileValueSource] for class [com.hkunitedauction.sample.test.StreamTest]
21:51:12.552 [main] DEBUG org.springframework.test.context.junit4.SpringJUnit4ClassRunner - SpringJUnit4ClassRunner constructor called with [class com.hkunitedauction.sample.test.StreamTest]
21:51:12.552 [main] DEBUG org.springframework.test.context.BootstrapUtils - Instantiating CacheAwareContextLoaderDelegate from class [org.springframework.test.context.cache.DefaultCacheAwareContextLoaderDelegate]
21:51:12.552 [main] DEBUG org.springframework.test.context.BootstrapUtils - Instantiating BootstrapContext using constructor [public org.springframework.test.context.support.DefaultBootstrapContext(java.lang.Class,org.springframework.test.context.CacheAwareContextLoaderDelegate)]
21:51:12.553 [main] DEBUG org.springframework.test.context.BootstrapUtils - Instantiating TestContextBootstrapper for test class [com.hkunitedauction.sample.test.StreamTest] from class [org.springframework.boot.test.context.SpringBootTestContextBootstrapper]
21:51:12.553 [main] INFO org.springframework.boot.test.context.SpringBootTestContextBootstrapper - Neither @ContextConfiguration nor @ContextHierarchy found for test class [com.hkunitedauction.sample.test.StreamTest], using SpringBootContextLoader
21:51:12.553 [main] DEBUG org.springframework.test.context.support.AbstractContextLoader - Did not detect default resource location for test class [com.hkunitedauction.sample.test.StreamTest]: class path resource [com/hkunitedauction/sample/test/StreamTest-context.xml] does not exist
21:51:12.554 [main] DEBUG org.springframework.test.context.support.AbstractContextLoader - Did not detect default resource location for test class [com.hkunitedauction.sample.test.StreamTest]: class path resource [com/hkunitedauction/sample/test/StreamTestContext.groovy] does not exist
21:51:12.554 [main] INFO org.springframework.test.context.support.AbstractContextLoader - Could not detect default resource locations for test class [com.hkunitedauction.sample.test.StreamTest]: no resource found for suffixes {-context.xml, Context.groovy}.
21:51:12.558 [main] DEBUG org.springframework.test.context.support.ActiveProfilesUtils - Could not find an 'annotation declaring class' for annotation type [org.springframework.test.context.ActiveProfiles] and class [com.hkunitedauction.sample.test.StreamTest]
21:51:12.560 [main] DEBUG org.springframework.boot.test.context.SpringBootTestContextBootstrapper - @TestExecutionListeners is not present for class [com.hkunitedauction.sample.test.StreamTest]: using defaults.
21:51:12.564 [main] INFO org.springframework.boot.test.context.SpringBootTestContextBootstrapper - Loaded default TestExecutionListener class names from location [META-INF/spring.factories]: [org.springframework.boot.test.mock.mockito.MockitoTestExecutionListener, org.springframework.boot.test.mock.mockito.ResetMocksTestExecutionListener, org.springframework.boot.test.autoconfigure.restdocs.RestDocsTestExecutionListener, org.springframework.boot.test.autoconfigure.web.client.MockRestServiceServerResetTestExecutionListener, org.springframework.boot.test.autoconfigure.web.servlet.MockMvcPrintOnlyOnFailureTestExecutionListener, org.springframework.boot.test.autoconfigure.web.servlet.WebDriverTestExecutionListener, org.springframework.test.context.web.ServletTestExecutionListener, org.springframework.test.context.support.DirtiesContextBeforeModesTestExecutionListener, org.springframework.test.context.support.DependencyInjectionTestExecutionListener, org.springframework.test.context.support.DirtiesContextTestExecutionListener, org.springframework.test.context.transaction.TransactionalTestExecutionListener, org.springframework.test.context.jdbc.SqlScriptsTestExecutionListener]
21:51:12.567 [main] INFO org.springframework.boot.test.context.SpringBootTestContextBootstrapper - Using TestExecutionListeners: [org.springframework.test.context.web.ServletTestExecutionListener@5dd6264, org.springframework.test.context.support.DirtiesContextBeforeModesTestExecutionListener@1ffe63b9, org.springframework.boot.test.autoconfigure.SpringBootDependencyInjectionTestExecutionListener@51e5fc98, org.springframework.test.context.support.DirtiesContextTestExecutionListener@7c469c48, org.springframework.test.context.transaction.TransactionalTestExecutionListener@12e61fe6, org.springframework.test.context.jdbc.SqlScriptsTestExecutionListener@7ee955a8, org.springframework.boot.test.autoconfigure.restdocs.RestDocsTestExecutionListener@1677d1, org.springframework.boot.test.autoconfigure.web.servlet.MockMvcPrintOnlyOnFailureTestExecutionListener@48fa0f47, org.springframework.boot.test.mock.mockito.ResetMocksTestExecutionListener@6ac13091, org.springframework.boot.test.autoconfigure.web.client.MockRestServiceServerResetTestExecutionListener@5e316c74, org.springframework.boot.test.autoconfigure.web.servlet.WebDriverTestExecutionListener@6d2a209c, org.springframework.boot.test.mock.mockito.MockitoTestExecutionListener@75329a49]
21:51:12.568 [main] DEBUG org.springframework.test.annotation.ProfileValueUtils - Retrieved @ProfileValueSourceConfiguration [null] for test class [com.hkunitedauction.sample.test.StreamTest]
21:51:12.568 [main] DEBUG org.springframework.test.annotation.ProfileValueUtils - Retrieved ProfileValueSource type [class org.springframework.test.annotation.SystemProfileValueSource] for class [com.hkunitedauction.sample.test.StreamTest]
21:51:12.568 [main] DEBUG org.springframework.test.annotation.ProfileValueUtils - Retrieved @ProfileValueSourceConfiguration [null] for test class [com.hkunitedauction.sample.test.StreamTest]
21:51:12.568 [main] DEBUG org.springframework.test.annotation.ProfileValueUtils - Retrieved ProfileValueSource type [class org.springframework.test.annotation.SystemProfileValueSource] for class [com.hkunitedauction.sample.test.StreamTest]
21:51:12.571 [main] DEBUG org.springframework.test.context.support.AbstractDirtiesContextTestExecutionListener - Before test class: context [DefaultTestContext@3967e60c testClass = StreamTest, testInstance = [null], testMethod = [null], testException = [null], mergedContextConfiguration = [WebMergedContextConfiguration@60d8c9b7 testClass = StreamTest, locations = '{}', classes = '{class com.hkunitedauction.sample.SampleServiceApplication, class com.hkunitedauction.sample.SampleServiceApplication}', contextInitializerClasses = '[]', activeProfiles = '{}', propertySourceLocations = '{}', propertySourceProperties = '{org.springframework.boot.test.context.SpringBootTestContextBootstrapper=true}', contextCustomizers = set[org.springframework.boot.test.context.SpringBootTestContextCustomizer@ed9d034, org.springframework.boot.test.context.filter.ExcludeFilterContextCustomizer@4eb7f003, org.springframework.boot.test.json.DuplicateJsonObjectContextCustomizerFactory$DuplicateJsonObjectContextCustomizer@1060b431, org.springframework.boot.test.mock.mockito.MockitoContextCustomizer@0, org.springframework.boot.test.autoconfigure.properties.PropertyMappingContextCustomizer@0, org.springframework.boot.test.autoconfigure.web.servlet.WebDriverContextCustomizerFactory$Customizer@1fc2b765], resourceBasePath = 'src/main/webapp', contextLoader = 'org.springframework.boot.test.context.SpringBootContextLoader', parent = [null]]], class annotated with @DirtiesContext [false] with mode [null].
21:51:12.572 [main] DEBUG org.springframework.test.annotation.ProfileValueUtils - Retrieved @ProfileValueSourceConfiguration [null] for test class [com.hkunitedauction.sample.test.StreamTest]
21:51:12.572 [main] DEBUG org.springframework.test.annotation.ProfileValueUtils - Retrieved ProfileValueSource type [class org.springframework.test.annotation.SystemProfileValueSource] for class [com.hkunitedauction.sample.test.StreamTest]
21:51:12.628 [main] DEBUG org.springframework.core.env.StandardEnvironment - Adding PropertySource 'systemProperties' with lowest search precedence
21:51:12.629 [main] DEBUG org.springframework.core.env.StandardEnvironment - Adding PropertySource 'systemEnvironment' with lowest search precedence
21:51:12.630 [main] DEBUG org.springframework.core.env.StandardEnvironment - Initialized StandardEnvironment with PropertySources [MapPropertySource@52908367 {name='systemProperties', properties={idea.version=2018.2.5, java.runtime.name=Java(TM) SE Runtime Environment, sun.boot.library.path=C:\Program Files\Java\jdk1.8.0_191\jre\bin, java.vm.version=25.191-b12, java.vm.vendor=Oracle Corporation, java.vendor.url=http://java.oracle.com/, path.separator=;, java.vm.name=Java HotSpot(TM) 64-Bit Server VM, file.encoding.pkg=sun.io, user.country=US, user.script=, sun.java.launcher=SUN_STANDARD, sun.os.patch.level=, java.vm.specification.name=Java Virtual Machine Specification, user.dir=C:\ext\codes\auction\hkunitedauction\hkunitedauction_service\v0.2\sample\sample-service, java.runtime.version=1.8.0_191-b12, basedir=C:\ext\codes\auction\hkunitedauction\hkunitedauction_service\v0.2\sample\sample-service, java.awt.graphicsenv=sun.awt.Win32GraphicsEnvironment, java.endorsed.dirs=C:\Program Files\Java\jdk1.8.0_191\jre\lib\endorsed, os.arch=amd64, surefire.real.class.path=C:\ext\codes\auction\hkunitedauction\hkunitedauction_service\v0.2\sample\sample-service\target\surefire\surefirebooter6941123687126901077.jar, java.io.tmpdir=C:\Users\win10\AppData\Local\Temp\, line.separator=
, java.vm.specification.vendor=Oracle Corporation, user.variant=, os.name=Windows 10, sun.jnu.encoding=GBK, java.library.path=C:\Program Files\Java\jdk1.8.0_191\jre\bin;C:\WINDOWS\Sun\Java\bin;C:\WINDOWS\system32;C:\WINDOWS;C:\Program Files\Java\jdk1.8.0_191\jre\bin;C:\Program Files (x86)\Common Files\Oracle\Java\javapath;C:\Program Files\NVIDIA GPU Computing Toolkit\CUDA\v9.0\bin;C:\Program Files\NVIDIA GPU Computing Toolkit\CUDA\v9.0\libnvvp;C:\Windows\system32;C:\Windows;C:\Windows\System32\Wbem;C:\Windows\System32\WindowsPowerShell\v1.0\;C:\Windows\System32\OpenSSH\;C:\Program Files (x86)\NVIDIA Corporation\PhysX\Common;C:\Program Files\NVIDIA Corporation\NVIDIA NvDLISR;C:\Program Files\dotnet\;C:\Program Files\Microsoft SQL Server\130\Tools\Binn\;C:\Program Files\Git\cmd;D:\Program Files\nodejs\;D:\Program Files\PuTTY\;C:\ext\tools\apache-maven\bin;C:\Program Files\nodejs\;C:\Program Files\Java\jdk1.8.0_191\bin;C:\Program Files\Microsoft VS Code\bin;C:\Program Files\PuTTY\;C:\ProgramData\chocolatey\bin;C:\ext\docker\k8s;C:\WINDOWS\system32;C:\WINDOWS;C:\WINDOWS\System32\Wbem;C:\WINDOWS\System32\WindowsPowerShell\v1.0\;C:\WINDOWS\System32\OpenSSH\;C:\ext\docker\k8s\k8s-for-docker-desktop\istio-1.6.0-alpha.1\bin;C:\ext\codes\aligner\apptool\ArkEnv;C:\ext\codes\aligner\apptool\ArkEnvD;C:\Qt\Qt5.12.6\5.12.6\msvc2017_64\bin;C:\HashiCorp\Vagrant\bin;C:\Users\win10\Downloads\opencv\build\x64\vc15\bin;C:\ext\tools\pytorch;C:\Users\win10\AppData\Local\Programs\Python\Python36\Scripts\;C:\Users\win10\AppData\Local\Programs\Python\Python36\;C:\Users\win10\AppData\Local\Microsoft\WindowsApps;C:\Users\win10\AppData\Roaming\npm;C:\tools\Cmder;;., surefire.test.class.path=C:\ext\codes\auction\hkunitedauction\hkunitedauction_service\v0.2\sample\sample-service\target\test-classes;C:\ext\codes\auction\hkunitedauction\hkunitedauction_service\v0.2\sample\sample-service\target\classes;C:\ext\codes\auction\hkunitedauction\hkunitedauction_service\v0.2\sample\sample-api\target\sample-api-0.0.1-SNAPSHOT.jar;C:\ext\codes\auction\hkunitedauction\hkunitedauction_service\v0.2\core\common\target\common-0.0.1-SNAPSHOT.jar;C:\ext\codes\maven\m2\repository\com\alibaba\fastjson\1.2.37\fastjson-1.2.37.jar;C:\ext\codes\maven\m2\repository\org\springframework\spring-webmvc\4.3.13.RELEASE\spring-webmvc-4.3.13.RELEASE.jar;C:\ext\codes\maven\m2\repository\org\springframework\spring-aop\4.3.13.RELEASE\spring-aop-4.3.13.RELEASE.jar;C:\ext\codes\maven\m2\repository\org\springframework\spring-beans\4.3.13.RELEASE\spring-beans-4.3.13.RELEASE.jar;C:\ext\codes\maven\m2\repository\org\springframework\spring-context\4.3.13.RELEASE\spring-context-4.3.13.RELEASE.jar;C:\ext\codes\maven\m2\repository\org\springframework\spring-expression\4.3.13.RELEASE\spring-expression-4.3.13.RELEASE.jar;C:\ext\codes\maven\m2\repository\org\springframework\spring-web\4.3.13.RELEASE\spring-web-4.3.13.RELEASE.jar;C:\ext\codes\maven\m2\repository\org\apache\tomcat\embed\tomcat-embed-core\8.5.23\tomcat-embed-core-8.5.23.jar;C:\ext\codes\maven\m2\repository\org\apache\tomcat\tomcat-annotations-api\8.5.23\tomcat-annotations-api-8.5.23.jar;C:\ext\codes\maven\m2\repository\tk\mybatis\mapper-spring-boot-starter\2.0.3\mapper-spring-boot-starter-2.0.3.jar;C:\ext\codes\maven\m2\repository\org\springframework\boot\spring-boot-starter\1.5.9.RELEASE\spring-boot-starter-1.5.9.RELEASE.jar;C:\ext\codes\maven\m2\repository\org\springframework\boot\spring-boot\1.5.9.RELEASE\spring-boot-1.5.9.RELEASE.jar;C:\ext\codes\maven\m2\repository\org\springframework\boot\spring-boot-autoconfigure\1.5.9.RELEASE\spring-boot-autoconfigure-1.5.9.RELEASE.jar;C:\ext\codes\maven\m2\repository\org\springframework\boot\spring-boot-starter-logging\1.5.9.RELEASE\spring-boot-starter-logging-1.5.9.RELEASE.jar;C:\ext\codes\maven\m2\repository\ch\qos\logback\logback-classic\1.1.11\logback-classic-1.1.11.jar;C:\ext\codes\maven\m2\repository\ch\qos\logback\logback-core\1.1.11\logback-core-1.1.11.jar;C:\ext\codes\maven\m2\repository\org\slf4j\jul-to-slf4j\1.7.25\jul-to-slf4j-1.7.25.jar;C:\ext\codes\maven\m2\repository\org\slf4j\log4j-over-slf4j\1.7.25\log4j-over-slf4j-1.7.25.jar;C:\ext\codes\maven\m2\repository\org\yaml\snakeyaml\1.17\snakeyaml-1.17.jar;C:\ext\codes\maven\m2\repository\org\springframework\boot\spring-boot-starter-jdbc\1.5.9.RELEASE\spring-boot-starter-jdbc-1.5.9.RELEASE.jar;C:\ext\codes\maven\m2\repository\org\apache\tomcat\tomcat-jdbc\8.5.23\tomcat-jdbc-8.5.23.jar;C:\ext\codes\maven\m2\repository\org\apache\tomcat\tomcat-juli\8.5.23\tomcat-juli-8.5.23.jar;C:\ext\codes\maven\m2\repository\org\springframework\spring-jdbc\4.3.13.RELEASE\spring-jdbc-4.3.13.RELEASE.jar;C:\ext\codes\maven\m2\repository\org\springframework\spring-tx\4.3.13.RELEASE\spring-tx-4.3.13.RELEASE.jar;C:\ext\codes\maven\m2\repository\org\mybatis\mybatis\3.4.6\mybatis-3.4.6.jar;C:\ext\codes\maven\m2\repository\org\mybatis\mybatis-spring\1.3.2\mybatis-spring-1.3.2.jar;C:\ext\codes\maven\m2\repository\tk\mybatis\mapper-core\1.0.4\mapper-core-1.0.4.jar;C:\ext\codes\maven\m2\repository\javax\persistence\persistence-api\1.0\persistence-api-1.0.jar;C:\ext\codes\maven\m2\repository\tk\mybatis\mapper-base\1.0.4\mapper-base-1.0.4.jar;C:\ext\codes\maven\m2\repository\tk\mybatis\mapper-weekend\1.1.3\mapper-weekend-1.1.3.jar;C:\ext\codes\maven\m2\repository\tk\mybatis\mapper-spring\1.0.4\mapper-spring-1.0.4.jar;C:\ext\codes\maven\m2\repository\tk\mybatis\mapper-extra\1.0.4\mapper-extra-1.0.4.jar;C:\ext\codes\maven\m2\repository\tk\mybatis\mapper-spring-boot-autoconfigure\2.0.3\mapper-spring-boot-autoconfigure-2.0.3.jar;C:\ext\codes\maven\m2\repository\mysql\mysql-connector-java\5.1.47\mysql-connector-java-5.1.47.jar;C:\ext\codes\maven\m2\repository\net\sf\dozer\dozer\5.4.0\dozer-5.4.0.jar;C:\ext\codes\maven\m2\repository\commons-beanutils\commons-beanutils\1.9.3\commons-beanutils-1.9.3.jar;C:\ext\codes\maven\m2\repository\commons-collections\commons-collections\3.2.2\commons-collections-3.2.2.jar;C:\ext\codes\maven\m2\repository\org\apache\commons\commons-lang3\3.1\commons-lang3-3.1.jar;C:\ext\codes\maven\m2\repository\org\slf4j\slf4j-api\1.7.25\slf4j-api-1.7.25.jar;C:\ext\codes\maven\m2\repository\org\slf4j\jcl-over-slf4j\1.7.25\jcl-over-slf4j-1.7.25.jar;C:\ext\codes\maven\m2\repository\org\slf4j\slf4j-log4j12\1.7.25\slf4j-log4j12-1.7.25.jar;C:\ext\codes\maven\m2\repository\log4j\log4j\1.2.17\log4j-1.2.17.jar;C:\ext\codes\maven\m2\repository\org\springframework\cloud\spring-cloud-starter-config\1.3.1.RELEASE\spring-cloud-starter-config-1.3.1.RELEASE.jar;C:\ext\codes\maven\m2\repository\org\springframework\cloud\spring-cloud-starter\1.2.2.RELEASE\spring-cloud-starter-1.2.2.RELEASE.jar;C:\ext\codes\maven\m2\repository\org\springframework\cloud\spring-cloud-context\1.2.2.RELEASE\spring-cloud-context-1.2.2.RELEASE.jar;C:\ext\codes\maven\m2\repository\org\springframework\security\spring-security-crypto\4.2.3.RELEASE\spring-security-crypto-4.2.3.RELEASE.jar;C:\ext\codes\maven\m2\repository\org\springframework\cloud\spring-cloud-commons\1.2.2.RELEASE\spring-cloud-commons-1.2.2.RELEASE.jar;C:\ext\codes\maven\m2\repository\org\springframework\security\spring-security-rsa\1.0.3.RELEASE\spring-security-rsa-1.0.3.RELEASE.jar;C:\ext\codes\maven\m2\repository\org\bouncycastle\bcpkix-jdk15on\1.55\bcpkix-jdk15on-1.55.jar;C:\ext\codes\maven\m2\repository\org\bouncycastle\bcprov-jdk15on\1.55\bcprov-jdk15on-1.55.jar;C:\ext\codes\maven\m2\repository\org\springframework\cloud\spring-cloud-config-client\1.3.1.RELEASE\spring-cloud-config-client-1.3.1.RELEASE.jar;C:\ext\codes\maven\m2\repository\com\fasterxml\jackson\core\jackson-annotations\2.8.0\jackson-annotations-2.8.0.jar;C:\ext\codes\maven\m2\repository\com\fasterxml\jackson\core\jackson-databind\2.8.10\jackson-databind-2.8.10.jar;C:\ext\codes\maven\m2\repository\com\fasterxml\jackson\core\jackson-core\2.8.10\jackson-core-2.8.10.jar;C:\ext\codes\maven\m2\repository\org\springframework\cloud\spring-cloud-starter-stream-rabbit\1.2.1.RELEASE\spring-cloud-starter-stream-rabbit-1.2.1.RELEASE.jar;C:\ext\codes\maven\m2\repository\org\springframework\cloud\spring-cloud-stream-binder-rabbit\1.2.1.RELEASE\spring-cloud-stream-binder-rabbit-1.2.1.RELEASE.jar;C:\ext\codes\maven\m2\repository\org\springframework\cloud\spring-cloud-stream-binder-rabbit-core\1.2.1.RELEASE\spring-cloud-stream-binder-rabbit-core-1.2.1.RELEASE.jar;C:\ext\codes\maven\m2\repository\org\springframework\cloud\spring-cloud-stream\1.2.2.RELEASE\spring-cloud-stream-1.2.2.RELEASE.jar;C:\ext\codes\maven\m2\repository\org\springframework\boot\spring-boot-starter-validation\1.5.9.RELEASE\spring-boot-starter-validation-1.5.9.RELEASE.jar;C:\ext\codes\maven\m2\repository\org\apache\tomcat\embed\tomcat-embed-el\8.5.23\tomcat-embed-el-8.5.23.jar;C:\ext\codes\maven\m2\repository\org\springframework\spring-messaging\4.3.13.RELEASE\spring-messaging-4.3.13.RELEASE.jar;C:\ext\codes\maven\m2\repository\org\springframework\integration\spring-integration-core\4.3.12.RELEASE\spring-integration-core-4.3.12.RELEASE.jar;C:\ext\codes\maven\m2\repository\org\springframework\integration\spring-integration-jmx\4.3.12.RELEASE\spring-integration-jmx-4.3.12.RELEASE.jar;C:\ext\codes\maven\m2\repository\org\springframework\spring-tuple\1.0.0.RELEASE\spring-tuple-1.0.0.RELEASE.jar;C:\ext\codes\maven\m2\repository\org\springframework\integration\spring-integration-tuple\1.0.0.RELEASE\spring-integration-tuple-1.0.0.RELEASE.jar;C:\ext\codes\maven\m2\repository\org\springframework\retry\spring-retry\1.2.1.RELEASE\spring-retry-1.2.1.RELEASE.jar;C:\ext\codes\maven\m2\repository\org\springframework\cloud\spring-cloud-stream-codec\1.2.2.RELEASE\spring-cloud-stream-codec-1.2.2.RELEASE.jar;C:\ext\codes\maven\m2\repository\com\esotericsoftware\kryo-shaded\3.0.3\kryo-shaded-3.0.3.jar;C:\ext\codes\maven\m2\repository\com\esotericsoftware\minlog\1.3.0\minlog-1.3.0.jar;C:\ext\codes\maven\m2\repository\org\springframework\boot\spring-boot-starter-amqp\1.5.9.RELEASE\spring-boot-starter-amqp-1.5.9.RELEASE.jar;C:\ext\codes\maven\m2\repository\org\springframework\amqp\spring-rabbit\1.7.4.RELEASE\spring-rabbit-1.7.4.RELEASE.jar;C:\ext\codes\maven\m2\repository\com\rabbitmq\http-client\1.1.1.RELEASE\http-client-1.1.1.RELEASE.jar;C:\ext\codes\maven\m2\repository\com\rabbitmq\amqp-client\4.0.3\amqp-client-4.0.3.jar;C:\ext\codes\maven\m2\repository\org\springframework\amqp\spring-amqp\1.7.4.RELEASE\spring-amqp-1.7.4.RELEASE.jar;C:\ext\codes\maven\m2\repository\org\springframework\integration\spring-integration-amqp\4.3.12.RELEASE\spring-integration-amqp-4.3.12.RELEASE.jar;C:\ext\codes\maven\m2\repository\org\springframework\boot\spring-boot-starter-test\1.5.9.RELEASE\spring-boot-starter-test-1.5.9.RELEASE.jar;C:\ext\codes\maven\m2\repository\org\springframework\boot\spring-boot-test\1.5.9.RELEASE\spring-boot-test-1.5.9.RELEASE.jar;C:\ext\codes\maven\m2\repository\org\springframework\boot\spring-boot-test-autoconfigure\1.5.9.RELEASE\spring-boot-test-autoconfigure-1.5.9.RELEASE.jar;C:\ext\codes\maven\m2\repository\com\jayway\jsonpath\json-path\2.2.0\json-path-2.2.0.jar;C:\ext\codes\maven\m2\repository\net\minidev\json-smart\2.2.1\json-smart-2.2.1.jar;C:\ext\codes\maven\m2\repository\net\minidev\accessors-smart\1.1\accessors-smart-1.1.jar;C:\ext\codes\maven\m2\repository\org\ow2\asm\asm\5.0.3\asm-5.0.3.jar;C:\ext\codes\maven\m2\repository\junit\junit\4.12\junit-4.12.jar;C:\ext\codes\maven\m2\repository\org\assertj\assertj-core\2.6.0\assertj-core-2.6.0.jar;C:\ext\codes\maven\m2\repository\org\mockito\mockito-core\1.10.19\mockito-core-1.10.19.jar;C:\ext\codes\maven\m2\repository\org\objenesis\objenesis\2.1\objenesis-2.1.jar;C:\ext\codes\maven\m2\repository\org\hamcrest\hamcrest-core\1.3\hamcrest-core-1.3.jar;C:\ext\codes\maven\m2\repository\org\hamcrest\hamcrest-library\1.3\hamcrest-library-1.3.jar;C:\ext\codes\maven\m2\repository\org\skyscreamer\jsonassert\1.4.0\jsonassert-1.4.0.jar;C:\ext\codes\maven\m2\repository\com\vaadin\external\google\android-json\0.0.20131108.vaadin1\android-json-0.0.20131108.vaadin1.jar;C:\ext\codes\maven\m2\repository\org\springframework\spring-core\4.3.13.RELEASE\spring-core-4.3.13.RELEASE.jar;C:\ext\codes\maven\m2\repository\org\springframework\spring-test\4.3.13.RELEASE\spring-test-4.3.13.RELEASE.jar;C:\ext\codes\maven\m2\repository\org\springframework\cloud\spring-cloud-starter-eureka-server\1.3.1.RELEASE\spring-cloud-starter-eureka-server-1.3.1.RELEASE.jar;C:\ext\codes\maven\m2\repository\org\springframework\cloud\spring-cloud-netflix-eureka-server\1.3.1.RELEASE\spring-cloud-netflix-eureka-server-1.3.1.RELEASE.jar;C:\ext\codes\maven\m2\repository\org\springframework\boot\spring-boot-starter-web\1.5.9.RELEASE\spring-boot-starter-web-1.5.9.RELEASE.jar;C:\ext\codes\maven\m2\repository\org\springframework\boot\spring-boot-starter-tomcat\1.5.9.RELEASE\spring-boot-starter-tomcat-1.5.9.RELEASE.jar;C:\ext\codes\maven\m2\repository\org\apache\tomcat\embed\tomcat-embed-websocket\8.5.23\tomcat-embed-websocket-8.5.23.jar;C:\ext\codes\maven\m2\repository\org\hibernate\hibernate-validator\5.3.6.Final\hibernate-validator-5.3.6.Final.jar;C:\ext\codes\maven\m2\repository\javax\validation\validation-api\1.1.0.Final\validation-api-1.1.0.Final.jar;C:\ext\codes\maven\m2\repository\org\jboss\logging\jboss-logging\3.3.1.Final\jboss-logging-3.3.1.Final.jar;C:\ext\codes\maven\m2\repository\org\springframework\boot\spring-boot-starter-actuator\1.5.9.RELEASE\spring-boot-starter-actuator-1.5.9.RELEASE.jar;C:\ext\codes\maven\m2\repository\org\springframework\boot\spring-boot-actuator\1.5.9.RELEASE\spring-boot-actuator-1.5.9.RELEASE.jar;C:\ext\codes\maven\m2\repository\org\springframework\boot\spring-boot-starter-freemarker\1.5.9.RELEASE\spring-boot-starter-freemarker-1.5.9.RELEASE.jar;C:\ext\codes\maven\m2\repository\org\freemarker\freemarker\2.3.27-incubating\freemarker-2.3.27-incubating.jar;C:\ext\codes\maven\m2\repository\org\springframework\spring-context-support\4.3.13.RELEASE\spring-context-support-4.3.13.RELEASE.jar;C:\ext\codes\maven\m2\repository\org\springframework\cloud\spring-cloud-netflix-core\1.3.1.RELEASE\spring-cloud-netflix-core-1.3.1.RELEASE.jar;C:\ext\codes\maven\m2\repository\org\springframework\cloud\spring-cloud-netflix-eureka-client\1.3.1.RELEASE\spring-cloud-netflix-eureka-client-1.3.1.RELEASE.jar;C:\ext\codes\maven\m2\repository\com\netflix\eureka\eureka-client\1.6.2\eureka-client-1.6.2.jar;C:\ext\codes\maven\m2\repository\org\codehaus\jettison\jettison\1.3.7\jettison-1.3.7.jar;C:\ext\codes\maven\m2\repository\stax\stax-api\1.0.1\stax-api-1.0.1.jar;C:\ext\codes\maven\m2\repository\com\netflix\netflix-commons\netflix-eventbus\0.3.0\netflix-eventbus-0.3.0.jar;C:\ext\codes\maven\m2\repository\com\netflix\netflix-commons\netflix-infix\0.3.0\netflix-infix-0.3.0.jar;C:\ext\codes\maven\m2\repository\commons-jxpath\commons-jxpath\1.3\commons-jxpath-1.3.jar;C:\ext\codes\maven\m2\repository\joda-time\joda-time\2.9.9\joda-time-2.9.9.jar;C:\ext\codes\maven\m2\repository\org\antlr\antlr-runtime\3.4\antlr-runtime-3.4.jar;C:\ext\codes\maven\m2\repository\org\antlr\stringtemplate\3.2.1\stringtemplate-3.2.1.jar;C:\ext\codes\maven\m2\repository\antlr\antlr\2.7.7\antlr-2.7.7.jar;C:\ext\codes\maven\m2\repository\com\google\code\gson\gson\2.8.2\gson-2.8.2.jar;C:\ext\codes\maven\m2\repository\org\apache\commons\commons-math\2.2\commons-math-2.2.jar;C:\ext\codes\maven\m2\repository\javax\ws\rs\jsr311-api\1.1.1\jsr311-api-1.1.1.jar;C:\ext\codes\maven\m2\repository\com\netflix\servo\servo-core\0.10.1\servo-core-0.10.1.jar;C:\ext\codes\maven\m2\repository\com\netflix\servo\servo-internal\0.10.1\servo-internal-0.10.1.jar;C:\ext\codes\maven\m2\repository\com\sun\jersey\jersey-core\1.19.1\jersey-core-1.19.1.jar;C:\ext\codes\maven\m2\repository\com\sun\jersey\jersey-client\1.19.1\jersey-client-1.19.1.jar;C:\ext\codes\maven\m2\repository\com\sun\jersey\contribs\jersey-apache-client4\1.19.1\jersey-apache-client4-1.19.1.jar;C:\ext\codes\maven\m2\repository\org\apache\httpcomponents\httpclient\4.5.3\httpclient-4.5.3.jar;C:\ext\codes\maven\m2\repository\org\apache\httpcomponents\httpcore\4.4.8\httpcore-4.4.8.jar;C:\ext\codes\maven\m2\repository\commons-codec\commons-codec\1.10\commons-codec-1.10.jar;C:\ext\codes\maven\m2\repository\com\google\inject\guice\4.1.0\guice-4.1.0.jar;C:\ext\codes\maven\m2\repository\aopalliance\aopalliance\1.0\aopalliance-1.0.jar;C:\ext\codes\maven\m2\repository\com\sun\jersey\jersey-servlet\1.19.1\jersey-servlet-1.19.1.jar;C:\ext\codes\maven\m2\repository\com\sun\jersey\jersey-server\1.19.1\jersey-server-1.19.1.jar;C:\ext\codes\maven\m2\repository\com\netflix\eureka\eureka-core\1.6.2\eureka-core-1.6.2.jar;C:\ext\codes\maven\m2\repository\org\codehaus\woodstox\woodstox-core-asl\4.4.1\woodstox-core-asl-4.4.1.jar;C:\ext\codes\maven\m2\repository\javax\xml\stream\stax-api\1.0-2\stax-api-1.0-2.jar;C:\ext\codes\maven\m2\repository\com\netflix\archaius\archaius-core\0.7.4\archaius-core-0.7.4.jar;C:\ext\codes\maven\m2\repository\javax\inject\javax.inject\1\javax.inject-1.jar;C:\ext\codes\maven\m2\repository\com\fasterxml\jackson\dataformat\jackson-dataformat-xml\2.8.10\jackson-dataformat-xml-2.8.10.jar;C:\ext\codes\maven\m2\repository\com\fasterxml\jackson\module\jackson-module-jaxb-annotations\2.8.10\jackson-module-jaxb-annotations-2.8.10.jar;C:\ext\codes\maven\m2\repository\org\codehaus\woodstox\stax2-api\3.1.4\stax2-api-3.1.4.jar;C:\ext\codes\maven\m2\repository\com\fasterxml\woodstox\woodstox-core\5.0.3\woodstox-core-5.0.3.jar;C:\ext\codes\maven\m2\repository\com\thoughtworks\xstream\xstream\1.4.9\xstream-1.4.9.jar;C:\ext\codes\maven\m2\repository\xmlpull\xmlpull\1.1.3.1\xmlpull-1.1.3.1.jar;C:\ext\codes\maven\m2\repository\xpp3\xpp3_min\1.1.4c\xpp3_min-1.1.4c.jar;C:\ext\codes\maven\m2\repository\org\springframework\cloud\spring-cloud-starter-archaius\1.3.1.RELEASE\spring-cloud-starter-archaius-1.3.1.RELEASE.jar;C:\ext\codes\maven\m2\repository\commons-configuration\commons-configuration\1.8\commons-configuration-1.8.jar;C:\ext\codes\maven\m2\repository\commons-lang\commons-lang\2.6\commons-lang-2.6.jar;C:\ext\codes\maven\m2\repository\org\springframework\cloud\spring-cloud-starter-ribbon\1.3.1.RELEASE\spring-cloud-starter-ribbon-1.3.1.RELEASE.jar;C:\ext\codes\maven\m2\repository\com\netflix\ribbon\ribbon\2.2.2\ribbon-2.2.2.jar;C:\ext\codes\maven\m2\repository\com\netflix\ribbon\ribbon-transport\2.2.2\ribbon-transport-2.2.2.jar;C:\ext\codes\maven\m2\repository\io\reactivex\rxnetty-contexts\0.4.9\rxnetty-contexts-0.4.9.jar;C:\ext\codes\maven\m2\repository\io\reactivex\rxnetty-servo\0.4.9\rxnetty-servo-0.4.9.jar;C:\ext\codes\maven\m2\repository\com\netflix\hystrix\hystrix-core\1.5.12\hystrix-core-1.5.12.jar;C:\ext\codes\maven\m2\repository\org\hdrhistogram\HdrHistogram\2.1.9\HdrHistogram-2.1.9.jar;C:\ext\codes\maven\m2\repository\io\reactivex\rxnetty\0.4.9\rxnetty-0.4.9.jar;C:\ext\codes\maven\m2\repository\io\netty\netty-codec-http\4.0.27.Final\netty-codec-http-4.0.27.Final.jar;C:\ext\codes\maven\m2\repository\io\netty\netty-codec\4.0.27.Final\netty-codec-4.0.27.Final.jar;C:\ext\codes\maven\m2\repository\io\netty\netty-handler\4.0.27.Final\netty-handler-4.0.27.Final.jar;C:\ext\codes\maven\m2\repository\io\netty\netty-transport-native-epoll\4.0.27.Final\netty-transport-native-epoll-4.0.27.Final.jar;C:\ext\codes\maven\m2\repository\io\netty\netty-common\4.0.27.Final\netty-common-4.0.27.Final.jar;C:\ext\codes\maven\m2\repository\io\netty\netty-buffer\4.0.27.Final\netty-buffer-4.0.27.Final.jar;C:\ext\codes\maven\m2\repository\io\netty\netty-transport\4.0.27.Final\netty-transport-4.0.27.Final.jar;C:\ext\codes\maven\m2\repository\com\netflix\ribbon\ribbon-core\2.2.2\ribbon-core-2.2.2.jar;C:\ext\codes\maven\m2\repository\com\netflix\ribbon\ribbon-httpclient\2.2.2\ribbon-httpclient-2.2.2.jar;C:\ext\codes\maven\m2\repository\com\netflix\netflix-commons\netflix-commons-util\0.1.1\netflix-commons-util-0.1.1.jar;C:\ext\codes\maven\m2\repository\com\netflix\ribbon\ribbon-loadbalancer\2.2.2\ribbon-loadbalancer-2.2.2.jar;C:\ext\codes\maven\m2\repository\com\netflix\netflix-commons\netflix-statistics\0.1.1\netflix-statistics-0.1.1.jar;C:\ext\codes\maven\m2\repository\io\reactivex\rxjava\1.1.10\rxjava-1.1.10.jar;C:\ext\codes\maven\m2\repository\com\netflix\ribbon\ribbon-eureka\2.2.2\ribbon-eureka-2.2.2.jar;C:\ext\codes\maven\m2\repository\org\projectlombok\lombok\1.16.18\lombok-1.16.18.jar;C:\ext\codes\maven\m2\repository\io\springfox\springfox-swagger2\2.9.2\springfox-swagger2-2.9.2.jar;C:\ext\codes\maven\m2\repository\io\swagger\swagger-annotations\1.5.20\swagger-annotations-1.5.20.jar;C:\ext\codes\maven\m2\repository\io\swagger\swagger-models\1.5.20\swagger-models-1.5.20.jar;C:\ext\codes\maven\m2\repository\io\springfox\springfox-spi\2.9.2\springfox-spi-2.9.2.jar;C:\ext\codes\maven\m2\repository\io\springfox\springfox-core\2.9.2\springfox-core-2.9.2.jar;C:\ext\codes\maven\m2\repository\net\bytebuddy\byte-buddy\1.8.12\byte-buddy-1.8.12.jar;C:\ext\codes\maven\m2\repository\io\springfox\springfox-schema\2.9.2\springfox-schema-2.9.2.jar;C:\ext\codes\maven\m2\repository\io\springfox\springfox-swagger-common\2.9.2\springfox-swagger-common-2.9.2.jar;C:\ext\codes\maven\m2\repository\io\springfox\springfox-spring-web\2.9.2\springfox-spring-web-2.9.2.jar;C:\ext\codes\maven\m2\repository\com\fasterxml\classmate\1.3.4\classmate-1.3.4.jar;C:\ext\codes\maven\m2\repository\org\springframework\plugin\spring-plugin-core\1.2.0.RELEASE\spring-plugin-core-1.2.0.RELEASE.jar;C:\ext\codes\maven\m2\repository\org\springframework\plugin\spring-plugin-metadata\1.2.0.RELEASE\spring-plugin-metadata-1.2.0.RELEASE.jar;C:\ext\codes\maven\m2\repository\org\mapstruct\mapstruct\1.2.0.Final\mapstruct-1.2.0.Final.jar;C:\ext\codes\maven\m2\repository\io\springfox\springfox-swagger-ui\2.9.2\springfox-swagger-ui-2.9.2.jar;C:\ext\codes\maven\m2\repository\com\google\guava\guava\28.0-jre\guava-28.0-jre.jar;C:\ext\codes\maven\m2\repository\com\google\guava\failureaccess\1.0.1\failureaccess-1.0.1.jar;C:\ext\codes\maven\m2\repository\com\google\guava\listenablefuture\9999.0-empty-to-avoid-conflict-with-guava\listenablefuture-9999.0-empty-to-avoid-conflict-with-guava.jar;C:\ext\codes\maven\m2\repository\com\google\code\findbugs\jsr305\3.0.2\jsr305-3.0.2.jar;C:\ext\codes\maven\m2\repository\org\checkerframework\checker-qual\2.8.1\checker-qual-2.8.1.jar;C:\ext\codes\maven\m2\repository\com\google\errorprone\error_prone_annotations\2.3.2\error_prone_annotations-2.3.2.jar;C:\ext\codes\maven\m2\repository\com\google\j2objc\j2objc-annotations\1.3\j2objc-annotations-1.3.jar;C:\ext\codes\maven\m2\repository\org\codehaus\mojo\animal-sniffer-annotations\1.17\animal-sniffer-annotations-1.17.jar;, java.specification.name=Java Platform API Specification, java.class.version=52.0, sun.management.compiler=HotSpot 64-Bit Tiered Compilers, maven.repo.local=C:\ext\codes\maven\m2\repository, os.version=10.0, user.home=C:\Users\win10, user.timezone=Asia/Shanghai, java.awt.printerjob=sun.awt.windows.WPrinterJob, file.encoding=GBK, java.specification.version=1.8, java.class.path=C:\ext\codes\auction\hkunitedauction\hkunitedauction_service\v0.2\sample\sample-service\target\test-classes;C:\ext\codes\auction\hkunitedauction\hkunitedauction_service\v0.2\sample\sample-service\target\classes;C:\ext\codes\auction\hkunitedauction\hkunitedauction_service\v0.2\sample\sample-api\target\sample-api-0.0.1-SNAPSHOT.jar;C:\ext\codes\auction\hkunitedauction\hkunitedauction_service\v0.2\core\common\target\common-0.0.1-SNAPSHOT.jar;C:\ext\codes\maven\m2\repository\com\alibaba\fastjson\1.2.37\fastjson-1.2.37.jar;C:\ext\codes\maven\m2\repository\org\springframework\spring-webmvc\4.3.13.RELEASE\spring-webmvc-4.3.13.RELEASE.jar;C:\ext\codes\maven\m2\repository\org\springframework\spring-aop\4.3.13.RELEASE\spring-aop-4.3.13.RELEASE.jar;C:\ext\codes\maven\m2\repository\org\springframework\spring-beans\4.3.13.RELEASE\spring-beans-4.3.13.RELEASE.jar;C:\ext\codes\maven\m2\repository\org\springframework\spring-context\4.3.13.RELEASE\spring-context-4.3.13.RELEASE.jar;C:\ext\codes\maven\m2\repository\org\springframework\spring-expression\4.3.13.RELEASE\spring-expression-4.3.13.RELEASE.jar;C:\ext\codes\maven\m2\repository\org\springframework\spring-web\4.3.13.RELEASE\spring-web-4.3.13.RELEASE.jar;C:\ext\codes\maven\m2\repository\org\apache\tomcat\embed\tomcat-embed-core\8.5.23\tomcat-embed-core-8.5.23.jar;C:\ext\codes\maven\m2\repository\org\apache\tomcat\tomcat-annotations-api\8.5.23\tomcat-annotations-api-8.5.23.jar;C:\ext\codes\maven\m2\repository\tk\mybatis\mapper-spring-boot-starter\2.0.3\mapper-spring-boot-starter-2.0.3.jar;C:\ext\codes\maven\m2\repository\org\springframework\boot\spring-boot-starter\1.5.9.RELEASE\spring-boot-starter-1.5.9.RELEASE.jar;C:\ext\codes\maven\m2\repository\org\springframework\boot\spring-boot\1.5.9.RELEASE\spring-boot-1.5.9.RELEASE.jar;C:\ext\codes\maven\m2\repository\org\springframework\boot\spring-boot-autoconfigure\1.5.9.RELEASE\spring-boot-autoconfigure-1.5.9.RELEASE.jar;C:\ext\codes\maven\m2\repository\org\springframework\boot\spring-boot-starter-logging\1.5.9.RELEASE\spring-boot-starter-logging-1.5.9.RELEASE.jar;C:\ext\codes\maven\m2\repository\ch\qos\logback\logback-classic\1.1.11\logback-classic-1.1.11.jar;C:\ext\codes\maven\m2\repository\ch\qos\logback\logback-core\1.1.11\logback-core-1.1.11.jar;C:\ext\codes\maven\m2\repository\org\slf4j\jul-to-slf4j\1.7.25\jul-to-slf4j-1.7.25.jar;C:\ext\codes\maven\m2\repository\org\slf4j\log4j-over-slf4j\1.7.25\log4j-over-slf4j-1.7.25.jar;C:\ext\codes\maven\m2\repository\org\yaml\snakeyaml\1.17\snakeyaml-1.17.jar;C:\ext\codes\maven\m2\repository\org\springframework\boot\spring-boot-starter-jdbc\1.5.9.RELEASE\spring-boot-starter-jdbc-1.5.9.RELEASE.jar;C:\ext\codes\maven\m2\repository\org\apache\tomcat\tomcat-jdbc\8.5.23\tomcat-jdbc-8.5.23.jar;C:\ext\codes\maven\m2\repository\org\apache\tomcat\tomcat-juli\8.5.23\tomcat-juli-8.5.23.jar;C:\ext\codes\maven\m2\repository\org\springframework\spring-jdbc\4.3.13.RELEASE\spring-jdbc-4.3.13.RELEASE.jar;C:\ext\codes\maven\m2\repository\org\springframework\spring-tx\4.3.13.RELEASE\spring-tx-4.3.13.RELEASE.jar;C:\ext\codes\maven\m2\repository\org\mybatis\mybatis\3.4.6\mybatis-3.4.6.jar;C:\ext\codes\maven\m2\repository\org\mybatis\mybatis-spring\1.3.2\mybatis-spring-1.3.2.jar;C:\ext\codes\maven\m2\repository\tk\mybatis\mapper-core\1.0.4\mapper-core-1.0.4.jar;C:\ext\codes\maven\m2\repository\javax\persistence\persistence-api\1.0\persistence-api-1.0.jar;C:\ext\codes\maven\m2\repository\tk\mybatis\mapper-base\1.0.4\mapper-base-1.0.4.jar;C:\ext\codes\maven\m2\repository\tk\mybatis\mapper-weekend\1.1.3\mapper-weekend-1.1.3.jar;C:\ext\codes\maven\m2\repository\tk\mybatis\mapper-spring\1.0.4\mapper-spring-1.0.4.jar;C:\ext\codes\maven\m2\repository\tk\mybatis\mapper-extra\1.0.4\mapper-extra-1.0.4.jar;C:\ext\codes\maven\m2\repository\tk\mybatis\mapper-spring-boot-autoconfigure\2.0.3\mapper-spring-boot-autoconfigure-2.0.3.jar;C:\ext\codes\maven\m2\repository\mysql\mysql-connector-java\5.1.47\mysql-connector-java-5.1.47.jar;C:\ext\codes\maven\m2\repository\net\sf\dozer\dozer\5.4.0\dozer-5.4.0.jar;C:\ext\codes\maven\m2\repository\commons-beanutils\commons-beanutils\1.9.3\commons-beanutils-1.9.3.jar;C:\ext\codes\maven\m2\repository\commons-collections\commons-collections\3.2.2\commons-collections-3.2.2.jar;C:\ext\codes\maven\m2\repository\org\apache\commons\commons-lang3\3.1\commons-lang3-3.1.jar;C:\ext\codes\maven\m2\repository\org\slf4j\slf4j-api\1.7.25\slf4j-api-1.7.25.jar;C:\ext\codes\maven\m2\repository\org\slf4j\jcl-over-slf4j\1.7.25\jcl-over-slf4j-1.7.25.jar;C:\ext\codes\maven\m2\repository\org\slf4j\slf4j-log4j12\1.7.25\slf4j-log4j12-1.7.25.jar;C:\ext\codes\maven\m2\repository\log4j\log4j\1.2.17\log4j-1.2.17.jar;C:\ext\codes\maven\m2\repository\org\springframework\cloud\spring-cloud-starter-config\1.3.1.RELEASE\spring-cloud-starter-config-1.3.1.RELEASE.jar;C:\ext\codes\maven\m2\repository\org\springframework\cloud\spring-cloud-starter\1.2.2.RELEASE\spring-cloud-starter-1.2.2.RELEASE.jar;C:\ext\codes\maven\m2\repository\org\springframework\cloud\spring-cloud-context\1.2.2.RELEASE\spring-cloud-context-1.2.2.RELEASE.jar;C:\ext\codes\maven\m2\repository\org\springframework\security\spring-security-crypto\4.2.3.RELEASE\spring-security-crypto-4.2.3.RELEASE.jar;C:\ext\codes\maven\m2\repository\org\springframework\cloud\spring-cloud-commons\1.2.2.RELEASE\spring-cloud-commons-1.2.2.RELEASE.jar;C:\ext\codes\maven\m2\repository\org\springframework\security\spring-security-rsa\1.0.3.RELEASE\spring-security-rsa-1.0.3.RELEASE.jar;C:\ext\codes\maven\m2\repository\org\bouncycastle\bcpkix-jdk15on\1.55\bcpkix-jdk15on-1.55.jar;C:\ext\codes\maven\m2\repository\org\bouncycastle\bcprov-jdk15on\1.55\bcprov-jdk15on-1.55.jar;C:\ext\codes\maven\m2\repository\org\springframework\cloud\spring-cloud-config-client\1.3.1.RELEASE\spring-cloud-config-client-1.3.1.RELEASE.jar;C:\ext\codes\maven\m2\repository\com\fasterxml\jackson\core\jackson-annotations\2.8.0\jackson-annotations-2.8.0.jar;C:\ext\codes\maven\m2\repository\com\fasterxml\jackson\core\jackson-databind\2.8.10\jackson-databind-2.8.10.jar;C:\ext\codes\maven\m2\repository\com\fasterxml\jackson\core\jackson-core\2.8.10\jackson-core-2.8.10.jar;C:\ext\codes\maven\m2\repository\org\springframework\cloud\spring-cloud-starter-stream-rabbit\1.2.1.RELEASE\spring-cloud-starter-stream-rabbit-1.2.1.RELEASE.jar;C:\ext\codes\maven\m2\repository\org\springframework\cloud\spring-cloud-stream-binder-rabbit\1.2.1.RELEASE\spring-cloud-stream-binder-rabbit-1.2.1.RELEASE.jar;C:\ext\codes\maven\m2\repository\org\springframework\cloud\spring-cloud-stream-binder-rabbit-core\1.2.1.RELEASE\spring-cloud-stream-binder-rabbit-core-1.2.1.RELEASE.jar;C:\ext\codes\maven\m2\repository\org\springframework\cloud\spring-cloud-stream\1.2.2.RELEASE\spring-cloud-stream-1.2.2.RELEASE.jar;C:\ext\codes\maven\m2\repository\org\springframework\boot\spring-boot-starter-validation\1.5.9.RELEASE\spring-boot-starter-validation-1.5.9.RELEASE.jar;C:\ext\codes\maven\m2\repository\org\apache\tomcat\embed\tomcat-embed-el\8.5.23\tomcat-embed-el-8.5.23.jar;C:\ext\codes\maven\m2\repository\org\springframework\spring-messaging\4.3.13.RELEASE\spring-messaging-4.3.13.RELEASE.jar;C:\ext\codes\maven\m2\repository\org\springframework\integration\spring-integration-core\4.3.12.RELEASE\spring-integration-core-4.3.12.RELEASE.jar;C:\ext\codes\maven\m2\repository\org\springframework\integration\spring-integration-jmx\4.3.12.RELEASE\spring-integration-jmx-4.3.12.RELEASE.jar;C:\ext\codes\maven\m2\repository\org\springframework\spring-tuple\1.0.0.RELEASE\spring-tuple-1.0.0.RELEASE.jar;C:\ext\codes\maven\m2\repository\org\springframework\integration\spring-integration-tuple\1.0.0.RELEASE\spring-integration-tuple-1.0.0.RELEASE.jar;C:\ext\codes\maven\m2\repository\org\springframework\retry\spring-retry\1.2.1.RELEASE\spring-retry-1.2.1.RELEASE.jar;C:\ext\codes\maven\m2\repository\org\springframework\cloud\spring-cloud-stream-codec\1.2.2.RELEASE\spring-cloud-stream-codec-1.2.2.RELEASE.jar;C:\ext\codes\maven\m2\repository\com\esotericsoftware\kryo-shaded\3.0.3\kryo-shaded-3.0.3.jar;C:\ext\codes\maven\m2\repository\com\esotericsoftware\minlog\1.3.0\minlog-1.3.0.jar;C:\ext\codes\maven\m2\repository\org\springframework\boot\spring-boot-starter-amqp\1.5.9.RELEASE\spring-boot-starter-amqp-1.5.9.RELEASE.jar;C:\ext\codes\maven\m2\repository\org\springframework\amqp\spring-rabbit\1.7.4.RELEASE\spring-rabbit-1.7.4.RELEASE.jar;C:\ext\codes\maven\m2\repository\com\rabbitmq\http-client\1.1.1.RELEASE\http-client-1.1.1.RELEASE.jar;C:\ext\codes\maven\m2\repository\com\rabbitmq\amqp-client\4.0.3\amqp-client-4.0.3.jar;C:\ext\codes\maven\m2\repository\org\springframework\amqp\spring-amqp\1.7.4.RELEASE\spring-amqp-1.7.4.RELEASE.jar;C:\ext\codes\maven\m2\repository\org\springframework\integration\spring-integration-amqp\4.3.12.RELEASE\spring-integration-amqp-4.3.12.RELEASE.jar;C:\ext\codes\maven\m2\repository\org\springframework\boot\spring-boot-starter-test\1.5.9.RELEASE\spring-boot-starter-test-1.5.9.RELEASE.jar;C:\ext\codes\maven\m2\repository\org\springframework\boot\spring-boot-test\1.5.9.RELEASE\spring-boot-test-1.5.9.RELEASE.jar;C:\ext\codes\maven\m2\repository\org\springframework\boot\spring-boot-test-autoconfigure\1.5.9.RELEASE\spring-boot-test-autoconfigure-1.5.9.RELEASE.jar;C:\ext\codes\maven\m2\repository\com\jayway\jsonpath\json-path\2.2.0\json-path-2.2.0.jar;C:\ext\codes\maven\m2\repository\net\minidev\json-smart\2.2.1\json-smart-2.2.1.jar;C:\ext\codes\maven\m2\repository\net\minidev\accessors-smart\1.1\accessors-smart-1.1.jar;C:\ext\codes\maven\m2\repository\org\ow2\asm\asm\5.0.3\asm-5.0.3.jar;C:\ext\codes\maven\m2\repository\junit\junit\4.12\junit-4.12.jar;C:\ext\codes\maven\m2\repository\org\assertj\assertj-core\2.6.0\assertj-core-2.6.0.jar;C:\ext\codes\maven\m2\repository\org\mockito\mockito-core\1.10.19\mockito-core-1.10.19.jar;C:\ext\codes\maven\m2\repository\org\objenesis\objenesis\2.1\objenesis-2.1.jar;C:\ext\codes\maven\m2\repository\org\hamcrest\hamcrest-core\1.3\hamcrest-core-1.3.jar;C:\ext\codes\maven\m2\repository\org\hamcrest\hamcrest-library\1.3\hamcrest-library-1.3.jar;C:\ext\codes\maven\m2\repository\org\skyscreamer\jsonassert\1.4.0\jsonassert-1.4.0.jar;C:\ext\codes\maven\m2\repository\com\vaadin\external\google\android-json\0.0.20131108.vaadin1\android-json-0.0.20131108.vaadin1.jar;C:\ext\codes\maven\m2\repository\org\springframework\spring-core\4.3.13.RELEASE\spring-core-4.3.13.RELEASE.jar;C:\ext\codes\maven\m2\repository\org\springframework\spring-test\4.3.13.RELEASE\spring-test-4.3.13.RELEASE.jar;C:\ext\codes\maven\m2\repository\org\springframework\cloud\spring-cloud-starter-eureka-server\1.3.1.RELEASE\spring-cloud-starter-eureka-server-1.3.1.RELEASE.jar;C:\ext\codes\maven\m2\repository\org\springframework\cloud\spring-cloud-netflix-eureka-server\1.3.1.RELEASE\spring-cloud-netflix-eureka-server-1.3.1.RELEASE.jar;C:\ext\codes\maven\m2\repository\org\springframework\boot\spring-boot-starter-web\1.5.9.RELEASE\spring-boot-starter-web-1.5.9.RELEASE.jar;C:\ext\codes\maven\m2\repository\org\springframework\boot\spring-boot-starter-tomcat\1.5.9.RELEASE\spring-boot-starter-tomcat-1.5.9.RELEASE.jar;C:\ext\codes\maven\m2\repository\org\apache\tomcat\embed\tomcat-embed-websocket\8.5.23\tomcat-embed-websocket-8.5.23.jar;C:\ext\codes\maven\m2\repository\org\hibernate\hibernate-validator\5.3.6.Final\hibernate-validator-5.3.6.Final.jar;C:\ext\codes\maven\m2\repository\javax\validation\validation-api\1.1.0.Final\validation-api-1.1.0.Final.jar;C:\ext\codes\maven\m2\repository\org\jboss\logging\jboss-logging\3.3.1.Final\jboss-logging-3.3.1.Final.jar;C:\ext\codes\maven\m2\repository\org\springframework\boot\spring-boot-starter-actuator\1.5.9.RELEASE\spring-boot-starter-actuator-1.5.9.RELEASE.jar;C:\ext\codes\maven\m2\repository\org\springframework\boot\spring-boot-actuator\1.5.9.RELEASE\spring-boot-actuator-1.5.9.RELEASE.jar;C:\ext\codes\maven\m2\repository\org\springframework\boot\spring-boot-starter-freemarker\1.5.9.RELEASE\spring-boot-starter-freemarker-1.5.9.RELEASE.jar;C:\ext\codes\maven\m2\repository\org\freemarker\freemarker\2.3.27-incubating\freemarker-2.3.27-incubating.jar;C:\ext\codes\maven\m2\repository\org\springframework\spring-context-support\4.3.13.RELEASE\spring-context-support-4.3.13.RELEASE.jar;C:\ext\codes\maven\m2\repository\org\springframework\cloud\spring-cloud-netflix-core\1.3.1.RELEASE\spring-cloud-netflix-core-1.3.1.RELEASE.jar;C:\ext\codes\maven\m2\repository\org\springframework\cloud\spring-cloud-netflix-eureka-client\1.3.1.RELEASE\spring-cloud-netflix-eureka-client-1.3.1.RELEASE.jar;C:\ext\codes\maven\m2\repository\com\netflix\eureka\eureka-client\1.6.2\eureka-client-1.6.2.jar;C:\ext\codes\maven\m2\repository\org\codehaus\jettison\jettison\1.3.7\jettison-1.3.7.jar;C:\ext\codes\maven\m2\repository\stax\stax-api\1.0.1\stax-api-1.0.1.jar;C:\ext\codes\maven\m2\repository\com\netflix\netflix-commons\netflix-eventbus\0.3.0\netflix-eventbus-0.3.0.jar;C:\ext\codes\maven\m2\repository\com\netflix\netflix-commons\netflix-infix\0.3.0\netflix-infix-0.3.0.jar;C:\ext\codes\maven\m2\repository\commons-jxpath\commons-jxpath\1.3\commons-jxpath-1.3.jar;C:\ext\codes\maven\m2\repository\joda-time\joda-time\2.9.9\joda-time-2.9.9.jar;C:\ext\codes\maven\m2\repository\org\antlr\antlr-runtime\3.4\antlr-runtime-3.4.jar;C:\ext\codes\maven\m2\repository\org\antlr\stringtemplate\3.2.1\stringtemplate-3.2.1.jar;C:\ext\codes\maven\m2\repository\antlr\antlr\2.7.7\antlr-2.7.7.jar;C:\ext\codes\maven\m2\repository\com\google\code\gson\gson\2.8.2\gson-2.8.2.jar;C:\ext\codes\maven\m2\repository\org\apache\commons\commons-math\2.2\commons-math-2.2.jar;C:\ext\codes\maven\m2\repository\javax\ws\rs\jsr311-api\1.1.1\jsr311-api-1.1.1.jar;C:\ext\codes\maven\m2\repository\com\netflix\servo\servo-core\0.10.1\servo-core-0.10.1.jar;C:\ext\codes\maven\m2\repository\com\netflix\servo\servo-internal\0.10.1\servo-internal-0.10.1.jar;C:\ext\codes\maven\m2\repository\com\sun\jersey\jersey-core\1.19.1\jersey-core-1.19.1.jar;C:\ext\codes\maven\m2\repository\com\sun\jersey\jersey-client\1.19.1\jersey-client-1.19.1.jar;C:\ext\codes\maven\m2\repository\com\sun\jersey\contribs\jersey-apache-client4\1.19.1\jersey-apache-client4-1.19.1.jar;C:\ext\codes\maven\m2\repository\org\apache\httpcomponents\httpclient\4.5.3\httpclient-4.5.3.jar;C:\ext\codes\maven\m2\repository\org\apache\httpcomponents\httpcore\4.4.8\httpcore-4.4.8.jar;C:\ext\codes\maven\m2\repository\commons-codec\commons-codec\1.10\commons-codec-1.10.jar;C:\ext\codes\maven\m2\repository\com\google\inject\guice\4.1.0\guice-4.1.0.jar;C:\ext\codes\maven\m2\repository\aopalliance\aopalliance\1.0\aopalliance-1.0.jar;C:\ext\codes\maven\m2\repository\com\sun\jersey\jersey-servlet\1.19.1\jersey-servlet-1.19.1.jar;C:\ext\codes\maven\m2\repository\com\sun\jersey\jersey-server\1.19.1\jersey-server-1.19.1.jar;C:\ext\codes\maven\m2\repository\com\netflix\eureka\eureka-core\1.6.2\eureka-core-1.6.2.jar;C:\ext\codes\maven\m2\repository\org\codehaus\woodstox\woodstox-core-asl\4.4.1\woodstox-core-asl-4.4.1.jar;C:\ext\codes\maven\m2\repository\javax\xml\stream\stax-api\1.0-2\stax-api-1.0-2.jar;C:\ext\codes\maven\m2\repository\com\netflix\archaius\archaius-core\0.7.4\archaius-core-0.7.4.jar;C:\ext\codes\maven\m2\repository\javax\inject\javax.inject\1\javax.inject-1.jar;C:\ext\codes\maven\m2\repository\com\fasterxml\jackson\dataformat\jackson-dataformat-xml\2.8.10\jackson-dataformat-xml-2.8.10.jar;C:\ext\codes\maven\m2\repository\com\fasterxml\jackson\module\jackson-module-jaxb-annotations\2.8.10\jackson-module-jaxb-annotations-2.8.10.jar;C:\ext\codes\maven\m2\repository\org\codehaus\woodstox\stax2-api\3.1.4\stax2-api-3.1.4.jar;C:\ext\codes\maven\m2\repository\com\fasterxml\woodstox\woodstox-core\5.0.3\woodstox-core-5.0.3.jar;C:\ext\codes\maven\m2\repository\com\thoughtworks\xstream\xstream\1.4.9\xstream-1.4.9.jar;C:\ext\codes\maven\m2\repository\xmlpull\xmlpull\1.1.3.1\xmlpull-1.1.3.1.jar;C:\ext\codes\maven\m2\repository\xpp3\xpp3_min\1.1.4c\xpp3_min-1.1.4c.jar;C:\ext\codes\maven\m2\repository\org\springframework\cloud\spring-cloud-starter-archaius\1.3.1.RELEASE\spring-cloud-starter-archaius-1.3.1.RELEASE.jar;C:\ext\codes\maven\m2\repository\commons-configuration\commons-configuration\1.8\commons-configuration-1.8.jar;C:\ext\codes\maven\m2\repository\commons-lang\commons-lang\2.6\commons-lang-2.6.jar;C:\ext\codes\maven\m2\repository\org\springframework\cloud\spring-cloud-starter-ribbon\1.3.1.RELEASE\spring-cloud-starter-ribbon-1.3.1.RELEASE.jar;C:\ext\codes\maven\m2\repository\com\netflix\ribbon\ribbon\2.2.2\ribbon-2.2.2.jar;C:\ext\codes\maven\m2\repository\com\netflix\ribbon\ribbon-transport\2.2.2\ribbon-transport-2.2.2.jar;C:\ext\codes\maven\m2\repository\io\reactivex\rxnetty-contexts\0.4.9\rxnetty-contexts-0.4.9.jar;C:\ext\codes\maven\m2\repository\io\reactivex\rxnetty-servo\0.4.9\rxnetty-servo-0.4.9.jar;C:\ext\codes\maven\m2\repository\com\netflix\hystrix\hystrix-core\1.5.12\hystrix-core-1.5.12.jar;C:\ext\codes\maven\m2\repository\org\hdrhistogram\HdrHistogram\2.1.9\HdrHistogram-2.1.9.jar;C:\ext\codes\maven\m2\repository\io\reactivex\rxnetty\0.4.9\rxnetty-0.4.9.jar;C:\ext\codes\maven\m2\repository\io\netty\netty-codec-http\4.0.27.Final\netty-codec-http-4.0.27.Final.jar;C:\ext\codes\maven\m2\repository\io\netty\netty-codec\4.0.27.Final\netty-codec-4.0.27.Final.jar;C:\ext\codes\maven\m2\repository\io\netty\netty-handler\4.0.27.Final\netty-handler-4.0.27.Final.jar;C:\ext\codes\maven\m2\repository\io\netty\netty-transport-native-epoll\4.0.27.Final\netty-transport-native-epoll-4.0.27.Final.jar;C:\ext\codes\maven\m2\repository\io\netty\netty-common\4.0.27.Final\netty-common-4.0.27.Final.jar;C:\ext\codes\maven\m2\repository\io\netty\netty-buffer\4.0.27.Final\netty-buffer-4.0.27.Final.jar;C:\ext\codes\maven\m2\repository\io\netty\netty-transport\4.0.27.Final\netty-transport-4.0.27.Final.jar;C:\ext\codes\maven\m2\repository\com\netflix\ribbon\ribbon-core\2.2.2\ribbon-core-2.2.2.jar;C:\ext\codes\maven\m2\repository\com\netflix\ribbon\ribbon-httpclient\2.2.2\ribbon-httpclient-2.2.2.jar;C:\ext\codes\maven\m2\repository\com\netflix\netflix-commons\netflix-commons-util\0.1.1\netflix-commons-util-0.1.1.jar;C:\ext\codes\maven\m2\repository\com\netflix\ribbon\ribbon-loadbalancer\2.2.2\ribbon-loadbalancer-2.2.2.jar;C:\ext\codes\maven\m2\repository\com\netflix\netflix-commons\netflix-statistics\0.1.1\netflix-statistics-0.1.1.jar;C:\ext\codes\maven\m2\repository\io\reactivex\rxjava\1.1.10\rxjava-1.1.10.jar;C:\ext\codes\maven\m2\repository\com\netflix\ribbon\ribbon-eureka\2.2.2\ribbon-eureka-2.2.2.jar;C:\ext\codes\maven\m2\repository\org\projectlombok\lombok\1.16.18\lombok-1.16.18.jar;C:\ext\codes\maven\m2\repository\io\springfox\springfox-swagger2\2.9.2\springfox-swagger2-2.9.2.jar;C:\ext\codes\maven\m2\repository\io\swagger\swagger-annotations\1.5.20\swagger-annotations-1.5.20.jar;C:\ext\codes\maven\m2\repository\io\swagger\swagger-models\1.5.20\swagger-models-1.5.20.jar;C:\ext\codes\maven\m2\repository\io\springfox\springfox-spi\2.9.2\springfox-spi-2.9.2.jar;C:\ext\codes\maven\m2\repository\io\springfox\springfox-core\2.9.2\springfox-core-2.9.2.jar;C:\ext\codes\maven\m2\repository\net\bytebuddy\byte-buddy\1.8.12\byte-buddy-1.8.12.jar;C:\ext\codes\maven\m2\repository\io\springfox\springfox-schema\2.9.2\springfox-schema-2.9.2.jar;C:\ext\codes\maven\m2\repository\io\springfox\springfox-swagger-common\2.9.2\springfox-swagger-common-2.9.2.jar;C:\ext\codes\maven\m2\repository\io\springfox\springfox-spring-web\2.9.2\springfox-spring-web-2.9.2.jar;C:\ext\codes\maven\m2\repository\com\fasterxml\classmate\1.3.4\classmate-1.3.4.jar;C:\ext\codes\maven\m2\repository\org\springframework\plugin\spring-plugin-core\1.2.0.RELEASE\spring-plugin-core-1.2.0.RELEASE.jar;C:\ext\codes\maven\m2\repository\org\springframework\plugin\spring-plugin-metadata\1.2.0.RELEASE\spring-plugin-metadata-1.2.0.RELEASE.jar;C:\ext\codes\maven\m2\repository\org\mapstruct\mapstruct\1.2.0.Final\mapstruct-1.2.0.Final.jar;C:\ext\codes\maven\m2\repository\io\springfox\springfox-swagger-ui\2.9.2\springfox-swagger-ui-2.9.2.jar;C:\ext\codes\maven\m2\repository\com\google\guava\guava\28.0-jre\guava-28.0-jre.jar;C:\ext\codes\maven\m2\repository\com\google\guava\failureaccess\1.0.1\failureaccess-1.0.1.jar;C:\ext\codes\maven\m2\repository\com\google\guava\listenablefuture\9999.0-empty-to-avoid-conflict-with-guava\listenablefuture-9999.0-empty-to-avoid-conflict-with-guava.jar;C:\ext\codes\maven\m2\repository\com\google\code\findbugs\jsr305\3.0.2\jsr305-3.0.2.jar;C:\ext\codes\maven\m2\repository\org\checkerframework\checker-qual\2.8.1\checker-qual-2.8.1.jar;C:\ext\codes\maven\m2\repository\com\google\errorprone\error_prone_annotations\2.3.2\error_prone_annotations-2.3.2.jar;C:\ext\codes\maven\m2\repository\com\google\j2objc\j2objc-annotations\1.3\j2objc-annotations-1.3.jar;C:\ext\codes\maven\m2\repository\org\codehaus\mojo\animal-sniffer-annotations\1.17\animal-sniffer-annotations-1.17.jar;, user.name=win10, java.vm.specification.version=1.8, sun.java.command=C:\ext\codes\auction\hkunitedauction\hkunitedauction_service\v0.2\sample\sample-service\target\surefire\surefirebooter6941123687126901077.jar C:\ext\codes\auction\hkunitedauction\hkunitedauction_service\v0.2\sample\sample-service\target\surefire\surefire6825168715689639246tmp C:\ext\codes\auction\hkunitedauction\hkunitedauction_service\v0.2\sample\sample-service\target\surefire\surefire_06462013872752116426tmp, java.home=C:\Program Files\Java\jdk1.8.0_191\jre, sun.arch.data.model=64, user.language=en, java.specification.vendor=Oracle Corporation, awt.toolkit=sun.awt.windows.WToolkit, java.vm.info=mixed mode, java.version=1.8.0_191, java.ext.dirs=C:\Program Files\Java\jdk1.8.0_191\jre\lib\ext;C:\WINDOWS\Sun\Java\lib\ext, sun.boot.class.path=C:\Program Files\Java\jdk1.8.0_191\jre\lib\resources.jar;C:\Program Files\Java\jdk1.8.0_191\jre\lib\rt.jar;C:\Program Files\Java\jdk1.8.0_191\jre\lib\sunrsasign.jar;C:\Program Files\Java\jdk1.8.0_191\jre\lib\jsse.jar;C:\Program Files\Java\jdk1.8.0_191\jre\lib\jce.jar;C:\Program Files\Java\jdk1.8.0_191\jre\lib\charsets.jar;C:\Program Files\Java\jdk1.8.0_191\jre\lib\jfr.jar;C:\Program Files\Java\jdk1.8.0_191\jre\classes, java.vendor=Oracle Corporation, localRepository=C:\ext\codes\maven\m2\repository, file.separator=\, java.vendor.url.bug=http://bugreport.sun.com/bugreport/, sun.io.unicode.encoding=UnicodeLittle, sun.cpu.endian=little, sun.desktop=windows, sun.cpu.isalist=amd64}}, SystemEnvironmentPropertySource@1527953000 {name='systemEnvironment', properties={PATH=C:\Program Files\Java\jdk1.8.0_191\jre\bin;C:\Program Files (x86)\Common Files\Oracle\Java\javapath;C:\Program Files\NVIDIA GPU Computing Toolkit\CUDA\v9.0\bin;C:\Program Files\NVIDIA GPU Computing Toolkit\CUDA\v9.0\libnvvp;C:\Windows\system32;C:\Windows;C:\Windows\System32\Wbem;C:\Windows\System32\WindowsPowerShell\v1.0\;C:\Windows\System32\OpenSSH\;C:\Program Files (x86)\NVIDIA Corporation\PhysX\Common;C:\Program Files\NVIDIA Corporation\NVIDIA NvDLISR;C:\Program Files\dotnet\;C:\Program Files\Microsoft SQL Server\130\Tools\Binn\;C:\Program Files\Git\cmd;D:\Program Files\nodejs\;D:\Program Files\PuTTY\;C:\ext\tools\apache-maven\bin;C:\Program Files\nodejs\;C:\Program Files\Java\jdk1.8.0_191\bin;C:\Program Files\Microsoft VS Code\bin;C:\Program Files\PuTTY\;C:\ProgramData\chocolatey\bin;C:\ext\docker\k8s;C:\WINDOWS\system32;C:\WINDOWS;C:\WINDOWS\System32\Wbem;C:\WINDOWS\System32\WindowsPowerShell\v1.0\;C:\WINDOWS\System32\OpenSSH\;C:\ext\docker\k8s\k8s-for-docker-desktop\istio-1.6.0-alpha.1\bin;C:\ext\codes\aligner\apptool\ArkEnv;C:\ext\codes\aligner\apptool\ArkEnvD;C:\Qt\Qt5.12.6\5.12.6\msvc2017_64\bin;C:\HashiCorp\Vagrant\bin;C:\Users\win10\Downloads\opencv\build\x64\vc15\bin;C:\ext\tools\pytorch;C:\Users\win10\AppData\Local\Programs\Python\Python36\Scripts\;C:\Users\win10\AppData\Local\Programs\Python\Python36\;C:\Users\win10\AppData\Local\Microsoft\WindowsApps;C:\Users\win10\AppData\Roaming\npm;C:\tools\Cmder;, USERDOMAIN_ROAMINGPROFILE=DESKTOP-OV18CO3, PROCESSOR_LEVEL=6, SYSTEMDRIVE=C:, KUBECONFIG=C:\Users\win10\.kube\config, SESSIONNAME=Console, ALLUSERSPROFILE=C:\ProgramData, PROCESSOR_ARCHITECTURE=AMD64, DRIVERDATA=C:\Windows\System32\Drivers\DriverData, PROGRAMFILES=C:\Program Files, PSMODULEPATH=C:\Program Files\WindowsPowerShell\Modules;C:\WINDOWS\system32\WindowsPowerShell\v1.0\Modules, PROGRAMDATA=C:\ProgramData, CHOCOLATEYLASTPATHUPDATE=132245766164568725, USERNAME=win10, FPS_BROWSER_USER_PROFILE_STRING=Default, ONEDRIVE=C:\Users\win10\OneDrive, PATHEXT=.COM;.EXE;.BAT;.CMD;.VBS;.VBE;.JS;.JSE;.WSF;.WSH;.MSC, WINDIR=C:\WINDOWS, HOMEPATH=\Users\win10, PROCESSOR_IDENTIFIER=Intel64 Family 6 Model 158 Stepping 10, GenuineIntel, PUBLIC=C:\Users\Public, VBOX_INSTALL_PATH=C:\Program Files\Oracle\VirtualBox, =::=::\, LOCALAPPDATA=C:\Users\win10\AppData\Local, COMMONPROGRAMFILES(X86)=C:\Program Files (x86)\Common Files, USERDOMAIN=DESKTOP-OV18CO3, FPS_BROWSER_APP_PROFILE_STRING=Internet Explorer, LOGONSERVER=\\DESKTOP-OV18CO3, JAVA_HOME=C:\Program Files\Java\jdk1.8.0_191, PROMPT=$P$G, PROGRAMFILES(X86)=C:\Program Files (x86), ASL.LOG=Destination=file, CHOCOLATEYTOOLSLOCATION=C:\tools, QTMSBUILD=C:\Users\win10\AppData\Local\QtMsBuild, =C:=C:\ext\codes\auction\hkunitedauction\hkunitedauction_service\v0.2\sample\sample-service, APPDATA=C:\Users\win10\AppData\Roaming, PROGRAMW6432=C:\Program Files, SYSTEMROOT=C:\WINDOWS, CHOCOLATEYINSTALL=C:\ProgramData\chocolatey, VBOX_MSI_INSTALL_PATH=C:\Program Files\Oracle\VirtualBox\, NVTOOLSEXT_PATH=C:\Program Files\NVIDIA Corporation\NvToolsExt\, OS=Windows_NT, COMMONPROGRAMW6432=C:\Program Files\Common Files, COMPUTERNAME=DESKTOP-OV18CO3, COMMONPROGRAMFILES=C:\Program Files\Common Files, COMSPEC=C:\WINDOWS\system32\cmd.exe, NVCUDASAMPLES_ROOT=C:\ProgramData\NVIDIA Corporation\CUDA Samples\v9.0, CUDA_PATH=C:\Program Files\NVIDIA GPU Computing Toolkit\CUDA\v9.0, PROCESSOR_REVISION=9e0a, NVCUDASAMPLES9_0_ROOT=C:\ProgramData\NVIDIA Corporation\CUDA Samples\v9.0, TEMP=C:\Users\win10\AppData\Local\Temp, HOMEDRIVE=C:, USERPROFILE=C:\Users\win10, TMP=C:\Users\win10\AppData\Local\Temp, CUDA_PATH_V9_0=C:\Program Files\NVIDIA GPU Computing Toolkit\CUDA\v9.0, ISTIO_HOME=C:\ext\docker\k8s\k8s-for-docker-desktop\istio-1.6.0-alpha.1, NUMBER_OF_PROCESSORS=6}}]
21:51:12.634 [main] DEBUG org.springframework.core.env.MutablePropertySources - Adding PropertySource 'inline' with highest search precedence
21:51:12.638 [main] DEBUG org.springframework.test.context.support.TestPropertySourceUtils - Adding inlined properties to environment: {spring.jmx.enabled=false, org.springframework.boot.test.context.SpringBootTestContextBootstrapper=true, server.port=-1}
21:51:12.638 [main] DEBUG org.springframework.core.env.StandardEnvironment - Adding PropertySource 'Inlined Test Properties' with highest search precedence
2020-07-26 21:51:13.112  INFO 13476 --- [           main] s.c.a.AnnotationConfigApplicationContext : Refreshing org.springframework.context.annotation.AnnotationConfigApplicationContext@73d983ea: startup date [Sun Jul 26 21:51:13 CST 2020]; root of context hierarchy
2020-07-26 21:51:13.376  INFO 13476 --- [           main] f.a.AutowiredAnnotationBeanPostProcessor : JSR-330 'javax.inject.Inject' annotation found and supported for autowiring
2020-07-26 21:51:13.406  INFO 13476 --- [           main] trationDelegate$BeanPostProcessorChecker : Bean 'configurationPropertiesRebinderAutoConfiguration' of type [org.springframework.cloud.autoconfigure.ConfigurationPropertiesRebinderAutoConfiguration$$EnhancerBySpringCGLIB$$46484e4b] is not eligible for getting processed by all BeanPostProcessors (for example: not eligible for auto-proxying)
2020-07-26 21:51:13.796  INFO 13476 --- [           main] o.s.c.n.eureka.InstanceInfoFactory       : Setting initial instance status as: STARTING
2020-07-26 21:51:13.862  INFO 13476 --- [           main] com.netflix.discovery.DiscoveryClient    : Initializing Eureka in region us-east-1
2020-07-26 21:51:14.213  INFO 13476 --- [           main] c.n.d.provider.DiscoveryJerseyProvider   : Using JSON encoding codec LegacyJacksonJson
[...]
2020-07-26 21:51:22.633  WARN 13476 --- [           main] o.s.w.c.s.GenericWebApplicationContext   : Exception encountered during context initialization - cancelling refresh attempt: org.springframework.beans.factory.BeanCreationException: Error creating bean with name 'helloFacadeImpl': Injection of autowired dependencies failed; nested exception is java.lang.IllegalArgumentException: Could not resolve placeholder 'book.config' in value "${book.config}"
2020-07-26 21:51:22.640  INFO 13476 --- [           main] utoConfigurationReportLoggingInitializer : 

Error starting ApplicationContext. To display the auto-configuration report re-run your application with 'debug' enabled.
2020-07-26 21:51:22.645 ERROR 13476 --- [           main] o.s.boot.SpringApplication               : Application startup failed

org.springframework.beans.factory.BeanCreationException: Error creating bean with name 'helloFacadeImpl': Injection of autowired dependencies failed; nested exception is java.lang.IllegalArgumentException: Could not resolve placeholder 'book.config' in value "${book.config}"
	at org.springframework.beans.factory.annotation.AutowiredAnnotationBeanPostProcessor.postProcessPropertyValues(AutowiredAnnotationBeanPostProcessor.java:372) ~[spring-beans-4.3.13.RELEASE.jar:4.3.13.RELEASE]
	at org.springframework.beans.factory.support.AbstractAutowireCapableBeanFactory.populateBean(AbstractAutowireCapableBeanFactory.java:1264) ~[spring-beans-4.3.13.RELEASE.jar:4.3.13.RELEASE]
	at org.springframework.beans.factory.support.AbstractAutowireCapableBeanFactory.doCreateBean(AbstractAutowireCapableBeanFactory.java:553) ~[spring-beans-4.3.13.RELEASE.jar:4.3.13.RELEASE]
	at org.springframework.beans.factory.support.AbstractAutowireCapableBeanFactory.createBean(AbstractAutowireCapableBeanFactory.java:483) ~[spring-beans-4.3.13.RELEASE.jar:4.3.13.RELEASE]
	at org.springframework.beans.factory.support.AbstractBeanFactory$1.getObject(AbstractBeanFactory.java:306) ~[spring-beans-4.3.13.RELEASE.jar:4.3.13.RELEASE]
	at org.springframework.beans.factory.support.DefaultSingletonBeanRegistry.getSingleton(DefaultSingletonBeanRegistry.java:230) ~[spring-beans-4.3.13.RELEASE.jar:4.3.13.RELEASE]
	at org.springframework.beans.factory.support.AbstractBeanFactory.doGetBean(AbstractBeanFactory.java:302) ~[spring-beans-4.3.13.RELEASE.jar:4.3.13.RELEASE]
	at org.springframework.beans.factory.support.AbstractBeanFactory.getBean(AbstractBeanFactory.java:197) ~[spring-beans-4.3.13.RELEASE.jar:4.3.13.RELEASE]
	at org.springframework.beans.factory.support.DefaultListableBeanFactory.preInstantiateSingletons(DefaultListableBeanFactory.java:761) ~[spring-beans-4.3.13.RELEASE.jar:4.3.13.RELEASE]
	at org.springframework.context.support.AbstractApplicationContext.finishBeanFactoryInitialization(AbstractApplicationContext.java:867) ~[spring-context-4.3.13.RELEASE.jar:4.3.13.RELEASE]
	at org.springframework.context.support.AbstractApplicationContext.refresh(AbstractApplicationContext.java:543) ~[spring-context-4.3.13.RELEASE.jar:4.3.13.RELEASE]
	at org.springframework.boot.SpringApplication.refresh(SpringApplication.java:693) ~[spring-boot-1.5.9.RELEASE.jar:1.5.9.RELEASE]
	at org.springframework.boot.SpringApplication.refreshContext(SpringApplication.java:360) ~[spring-boot-1.5.9.RELEASE.jar:1.5.9.RELEASE]
	at org.springframework.boot.SpringApplication.run(SpringApplication.java:303) ~[spring-boot-1.5.9.RELEASE.jar:1.5.9.RELEASE]
	at org.springframework.boot.test.context.SpringBootContextLoader.loadContext(SpringBootContextLoader.java:120) [spring-boot-test-1.5.9.RELEASE.jar:1.5.9.RELEASE]
	at org.springframework.test.context.cache.DefaultCacheAwareContextLoaderDelegate.loadContextInternal(DefaultCacheAwareContextLoaderDelegate.java:98) [spring-test-4.3.13.RELEASE.jar:4.3.13.RELEASE]
	at org.springframework.test.context.cache.DefaultCacheAwareContextLoaderDelegate.loadContext(DefaultCacheAwareContextLoaderDelegate.java:116) [spring-test-4.3.13.RELEASE.jar:4.3.13.RELEASE]
	at org.springframework.test.context.support.DefaultTestContext.getApplicationContext(DefaultTestContext.java:83) [spring-test-4.3.13.RELEASE.jar:4.3.13.RELEASE]
	at org.springframework.test.context.web.ServletTestExecutionListener.setUpRequestContextIfNecessary(ServletTestExecutionListener.java:189) [spring-test-4.3.13.RELEASE.jar:4.3.13.RELEASE]
	at org.springframework.test.context.web.ServletTestExecutionListener.prepareTestInstance(ServletTestExecutionListener.java:131) [spring-test-4.3.13.RELEASE.jar:4.3.13.RELEASE]
	at org.springframework.test.context.TestContextManager.prepareTestInstance(TestContextManager.java:230) [spring-test-4.3.13.RELEASE.jar:4.3.13.RELEASE]
	at org.springframework.test.context.junit4.SpringJUnit4ClassRunner.createTest(SpringJUnit4ClassRunner.java:228) [spring-test-4.3.13.RELEASE.jar:4.3.13.RELEASE]
	at org.springframework.test.context.junit4.SpringJUnit4ClassRunner$1.runReflectiveCall(SpringJUnit4ClassRunner.java:287) [spring-test-4.3.13.RELEASE.jar:4.3.13.RELEASE]
	at org.junit.internal.runners.model.ReflectiveCallable.run(ReflectiveCallable.java:12) [junit-4.12.jar:4.12]
	at org.springframework.test.context.junit4.SpringJUnit4ClassRunner.methodBlock(SpringJUnit4ClassRunner.java:289) [spring-test-4.3.13.RELEASE.jar:4.3.13.RELEASE]
	at org.springframework.test.context.junit4.SpringJUnit4ClassRunner.runChild(SpringJUnit4ClassRunner.java:247) [spring-test-4.3.13.RELEASE.jar:4.3.13.RELEASE]
	at org.springframework.test.context.junit4.SpringJUnit4ClassRunner.runChild(SpringJUnit4ClassRunner.java:94) [spring-test-4.3.13.RELEASE.jar:4.3.13.RELEASE]
	at org.junit.runners.ParentRunner$3.run(ParentRunner.java:290) [junit-4.12.jar:4.12]
	at org.junit.runners.ParentRunner$1.schedule(ParentRunner.java:71) [junit-4.12.jar:4.12]
	at org.junit.runners.ParentRunner.runChildren(ParentRunner.java:288) [junit-4.12.jar:4.12]
	at org.junit.runners.ParentRunner.access$000(ParentRunner.java:58) [junit-4.12.jar:4.12]
	at org.junit.runners.ParentRunner$2.evaluate(ParentRunner.java:268) [junit-4.12.jar:4.12]
	at org.springframework.test.context.junit4.statements.RunBeforeTestClassCallbacks.evaluate(RunBeforeTestClassCallbacks.java:61) [spring-test-4.3.13.RELEASE.jar:4.3.13.RELEASE]
	at org.springframework.test.context.junit4.statements.RunAfterTestClassCallbacks.evaluate(RunAfterTestClassCallbacks.java:70) [spring-test-4.3.13.RELEASE.jar:4.3.13.RELEASE]
	at org.junit.runners.ParentRunner.run(ParentRunner.java:363) [junit-4.12.jar:4.12]
	at org.springframework.test.context.junit4.SpringJUnit4ClassRunner.run(SpringJUnit4ClassRunner.java:191) [spring-test-4.3.13.RELEASE.jar:4.3.13.RELEASE]
	at org.apache.maven.surefire.junit4.JUnit4Provider.execute(JUnit4Provider.java:283) [surefire-junit4-2.18.1.jar:2.18.1]
	at org.apache.maven.surefire.junit4.JUnit4Provider.executeWithRerun(JUnit4Provider.java:173) [surefire-junit4-2.18.1.jar:2.18.1]
	at org.apache.maven.surefire.junit4.JUnit4Provider.executeTestSet(JUnit4Provider.java:153) [surefire-junit4-2.18.1.jar:2.18.1]
	at org.apache.maven.surefire.junit4.JUnit4Provider.invoke(JUnit4Provider.java:128) [surefire-junit4-2.18.1.jar:2.18.1]
	at org.apache.maven.surefire.booter.ForkedBooter.invokeProviderInSameClassLoader(ForkedBooter.java:203) [surefire-booter-2.18.1.jar:2.18.1]
	at org.apache.maven.surefire.booter.ForkedBooter.runSuitesInProcess(ForkedBooter.java:155) [surefire-booter-2.18.1.jar:2.18.1]
	at org.apache.maven.surefire.booter.ForkedBooter.main(ForkedBooter.java:103) [surefire-booter-2.18.1.jar:2.18.1]
Caused by: java.lang.IllegalArgumentException: Could not resolve placeholder 'book.config' in value "${book.config}"
	at org.springframework.util.PropertyPlaceholderHelper.parseStringValue(PropertyPlaceholderHelper.java:174) ~[spring-core-4.3.13.RELEASE.jar:4.3.13.RELEASE]
	at org.springframework.util.PropertyPlaceholderHelper.replacePlaceholders(PropertyPlaceholderHelper.java:126) ~[spring-core-4.3.13.RELEASE.jar:4.3.13.RELEASE]
	at org.springframework.core.env.AbstractPropertyResolver.doResolvePlaceholders(AbstractPropertyResolver.java:236) ~[spring-core-4.3.13.RELEASE.jar:4.3.13.RELEASE]
	at org.springframework.core.env.AbstractPropertyResolver.resolveRequiredPlaceholders(AbstractPropertyResolver.java:210) ~[spring-core-4.3.13.RELEASE.jar:4.3.13.RELEASE]
	at org.springframework.context.support.PropertySourcesPlaceholderConfigurer$2.resolveStringValue(PropertySourcesPlaceholderConfigurer.java:172) ~[spring-context-4.3.13.RELEASE.jar:4.3.13.RELEASE]
	at org.springframework.beans.factory.support.AbstractBeanFactory.resolveEmbeddedValue(AbstractBeanFactory.java:831) ~[spring-beans-4.3.13.RELEASE.jar:4.3.13.RELEASE]
	at org.springframework.beans.factory.support.DefaultListableBeanFactory.doResolveDependency(DefaultListableBeanFactory.java:1086) ~[spring-beans-4.3.13.RELEASE.jar:4.3.13.RELEASE]
	at org.springframework.beans.factory.support.DefaultListableBeanFactory.resolveDependency(DefaultListableBeanFactory.java:1066) ~[spring-beans-4.3.13.RELEASE.jar:4.3.13.RELEASE]
	at org.springframework.beans.factory.annotation.AutowiredAnnotationBeanPostProcessor$AutowiredFieldElement.inject(AutowiredAnnotationBeanPostProcessor.java:585) ~[spring-beans-4.3.13.RELEASE.jar:4.3.13.RELEASE]
	at org.springframework.beans.factory.annotation.InjectionMetadata.inject(InjectionMetadata.java:88) ~[spring-beans-4.3.13.RELEASE.jar:4.3.13.RELEASE]
	at org.springframework.beans.factory.annotation.AutowiredAnnotationBeanPostProcessor.postProcessPropertyValues(AutowiredAnnotationBeanPostProcessor.java:366) ~[spring-beans-4.3.13.RELEASE.jar:4.3.13.RELEASE]
	... 42 common frames omitted

2020-07-26 21:51:22.647 ERROR 13476 --- [           main] o.s.test.context.TestContextManager      : Caught exception while allowing TestExecutionListener [org.springframework.test.context.web.ServletTestExecutionListener@5dd6264] to prepare test instance [com.hkunitedauction.sample.test.StreamTest@2166c48a]

java.lang.IllegalStateException: Failed to load ApplicationContext
	at org.springframework.test.context.cache.DefaultCacheAwareContextLoaderDelegate.loadContext(DefaultCacheAwareContextLoaderDelegate.java:124) ~[spring-test-4.3.13.RELEASE.jar:4.3.13.RELEASE]
	at org.springframework.test.context.support.DefaultTestContext.getApplicationContext(DefaultTestContext.java:83) ~[spring-test-4.3.13.RELEASE.jar:4.3.13.RELEASE]
	at org.springframework.test.context.web.ServletTestExecutionListener.setUpRequestContextIfNecessary(ServletTestExecutionListener.java:189) ~[spring-test-4.3.13.RELEASE.jar:4.3.13.RELEASE]
	at org.springframework.test.context.web.ServletTestExecutionListener.prepareTestInstance(ServletTestExecutionListener.java:131) ~[spring-test-4.3.13.RELEASE.jar:4.3.13.RELEASE]
	at org.springframework.test.context.TestContextManager.prepareTestInstance(TestContextManager.java:230) ~[spring-test-4.3.13.RELEASE.jar:4.3.13.RELEASE]
	at org.springframework.test.context.junit4.SpringJUnit4ClassRunner.createTest(SpringJUnit4ClassRunner.java:228) [spring-test-4.3.13.RELEASE.jar:4.3.13.RELEASE]
	at org.springframework.test.context.junit4.SpringJUnit4ClassRunner$1.runReflectiveCall(SpringJUnit4ClassRunner.java:287) [spring-test-4.3.13.RELEASE.jar:4.3.13.RELEASE]
	at org.junit.internal.runners.model.ReflectiveCallable.run(ReflectiveCallable.java:12) [junit-4.12.jar:4.12]
	at org.springframework.test.context.junit4.SpringJUnit4ClassRunner.methodBlock(SpringJUnit4ClassRunner.java:289) [spring-test-4.3.13.RELEASE.jar:4.3.13.RELEASE]
	at org.springframework.test.context.junit4.SpringJUnit4ClassRunner.runChild(SpringJUnit4ClassRunner.java:247) [spring-test-4.3.13.RELEASE.jar:4.3.13.RELEASE]
	at org.springframework.test.context.junit4.SpringJUnit4ClassRunner.runChild(SpringJUnit4ClassRunner.java:94) [spring-test-4.3.13.RELEASE.jar:4.3.13.RELEASE]
	at org.junit.runners.ParentRunner$3.run(ParentRunner.java:290) [junit-4.12.jar:4.12]
	at org.junit.runners.ParentRunner$1.schedule(ParentRunner.java:71) [junit-4.12.jar:4.12]
	at org.junit.runners.ParentRunner.runChildren(ParentRunner.java:288) [junit-4.12.jar:4.12]
	at org.junit.runners.ParentRunner.access$000(ParentRunner.java:58) [junit-4.12.jar:4.12]
	at org.junit.runners.ParentRunner$2.evaluate(ParentRunner.java:268) [junit-4.12.jar:4.12]
	at org.springframework.test.context.junit4.statements.RunBeforeTestClassCallbacks.evaluate(RunBeforeTestClassCallbacks.java:61) [spring-test-4.3.13.RELEASE.jar:4.3.13.RELEASE]
	at org.springframework.test.context.junit4.statements.RunAfterTestClassCallbacks.evaluate(RunAfterTestClassCallbacks.java:70) [spring-test-4.3.13.RELEASE.jar:4.3.13.RELEASE]
	at org.junit.runners.ParentRunner.run(ParentRunner.java:363) [junit-4.12.jar:4.12]
	at org.springframework.test.context.junit4.SpringJUnit4ClassRunner.run(SpringJUnit4ClassRunner.java:191) [spring-test-4.3.13.RELEASE.jar:4.3.13.RELEASE]
	at org.apache.maven.surefire.junit4.JUnit4Provider.execute(JUnit4Provider.java:283) [surefire-junit4-2.18.1.jar:2.18.1]
	at org.apache.maven.surefire.junit4.JUnit4Provider.executeWithRerun(JUnit4Provider.java:173) [surefire-junit4-2.18.1.jar:2.18.1]
	at org.apache.maven.surefire.junit4.JUnit4Provider.executeTestSet(JUnit4Provider.java:153) [surefire-junit4-2.18.1.jar:2.18.1]
	at org.apache.maven.surefire.junit4.JUnit4Provider.invoke(JUnit4Provider.java:128) [surefire-junit4-2.18.1.jar:2.18.1]
	at org.apache.maven.surefire.booter.ForkedBooter.invokeProviderInSameClassLoader(ForkedBooter.java:203) [surefire-booter-2.18.1.jar:2.18.1]
	at org.apache.maven.surefire.booter.ForkedBooter.runSuitesInProcess(ForkedBooter.java:155) [surefire-booter-2.18.1.jar:2.18.1]
	at org.apache.maven.surefire.booter.ForkedBooter.main(ForkedBooter.java:103) [surefire-booter-2.18.1.jar:2.18.1]
Caused by: org.springframework.beans.factory.BeanCreationException: Error creating bean with name 'helloFacadeImpl': Injection of autowired dependencies failed; nested exception is java.lang.IllegalArgumentException: Could not resolve placeholder 'book.config' in value "${book.config}"
	at org.springframework.beans.factory.annotation.AutowiredAnnotationBeanPostProcessor.postProcessPropertyValues(AutowiredAnnotationBeanPostProcessor.java:372) ~[spring-beans-4.3.13.RELEASE.jar:4.3.13.RELEASE]
	at org.springframework.beans.factory.support.AbstractAutowireCapableBeanFactory.populateBean(AbstractAutowireCapableBeanFactory.java:1264) ~[spring-beans-4.3.13.RELEASE.jar:4.3.13.RELEASE]
	at org.springframework.beans.factory.support.AbstractAutowireCapableBeanFactory.doCreateBean(AbstractAutowireCapableBeanFactory.java:553) ~[spring-beans-4.3.13.RELEASE.jar:4.3.13.RELEASE]
	at org.springframework.beans.factory.support.AbstractAutowireCapableBeanFactory.createBean(AbstractAutowireCapableBeanFactory.java:483) ~[spring-beans-4.3.13.RELEASE.jar:4.3.13.RELEASE]
	at org.springframework.beans.factory.support.AbstractBeanFactory$1.getObject(AbstractBeanFactory.java:306) ~[spring-beans-4.3.13.RELEASE.jar:4.3.13.RELEASE]
	at org.springframework.beans.factory.support.DefaultSingletonBeanRegistry.getSingleton(DefaultSingletonBeanRegistry.java:230) ~[spring-beans-4.3.13.RELEASE.jar:4.3.13.RELEASE]
	at org.springframework.beans.factory.support.AbstractBeanFactory.doGetBean(AbstractBeanFactory.java:302) ~[spring-beans-4.3.13.RELEASE.jar:4.3.13.RELEASE]
	at org.springframework.beans.factory.support.AbstractBeanFactory.getBean(AbstractBeanFactory.java:197) ~[spring-beans-4.3.13.RELEASE.jar:4.3.13.RELEASE]
	at org.springframework.beans.factory.support.DefaultListableBeanFactory.preInstantiateSingletons(DefaultListableBeanFactory.java:761) ~[spring-beans-4.3.13.RELEASE.jar:4.3.13.RELEASE]
	at org.springframework.context.support.AbstractApplicationContext.finishBeanFactoryInitialization(AbstractApplicationContext.java:867) ~[spring-context-4.3.13.RELEASE.jar:4.3.13.RELEASE]
	at org.springframework.context.support.AbstractApplicationContext.refresh(AbstractApplicationContext.java:543) ~[spring-context-4.3.13.RELEASE.jar:4.3.13.RELEASE]
	at org.springframework.boot.SpringApplication.refresh(SpringApplication.java:693) ~[spring-boot-1.5.9.RELEASE.jar:1.5.9.RELEASE]
	at org.springframework.boot.SpringApplication.refreshContext(SpringApplication.java:360) ~[spring-boot-1.5.9.RELEASE.jar:1.5.9.RELEASE]
	at org.springframework.boot.SpringApplication.run(SpringApplication.java:303) ~[spring-boot-1.5.9.RELEASE.jar:1.5.9.RELEASE]
	at org.springframework.boot.test.context.SpringBootContextLoader.loadContext(SpringBootContextLoader.java:120) ~[spring-boot-test-1.5.9.RELEASE.jar:1.5.9.RELEASE]
	at org.springframework.test.context.cache.DefaultCacheAwareContextLoaderDelegate.loadContextInternal(DefaultCacheAwareContextLoaderDelegate.java:98) ~[spring-test-4.3.13.RELEASE.jar:4.3.13.RELEASE]
	at org.springframework.test.context.cache.DefaultCacheAwareContextLoaderDelegate.loadContext(DefaultCacheAwareContextLoaderDelegate.java:116) ~[spring-test-4.3.13.RELEASE.jar:4.3.13.RELEASE]
	... 26 common frames omitted
Caused by: java.lang.IllegalArgumentException: Could not resolve placeholder 'book.config' in value "${book.config}"
	at org.springframework.util.PropertyPlaceholderHelper.parseStringValue(PropertyPlaceholderHelper.java:174) ~[spring-core-4.3.13.RELEASE.jar:4.3.13.RELEASE]
	at org.springframework.util.PropertyPlaceholderHelper.replacePlaceholders(PropertyPlaceholderHelper.java:126) ~[spring-core-4.3.13.RELEASE.jar:4.3.13.RELEASE]
	at org.springframework.core.env.AbstractPropertyResolver.doResolvePlaceholders(AbstractPropertyResolver.java:236) ~[spring-core-4.3.13.RELEASE.jar:4.3.13.RELEASE]
	at org.springframework.core.env.AbstractPropertyResolver.resolveRequiredPlaceholders(AbstractPropertyResolver.java:210) ~[spring-core-4.3.13.RELEASE.jar:4.3.13.RELEASE]
	at org.springframework.context.support.PropertySourcesPlaceholderConfigurer$2.resolveStringValue(PropertySourcesPlaceholderConfigurer.java:172) ~[spring-context-4.3.13.RELEASE.jar:4.3.13.RELEASE]
	at org.springframework.beans.factory.support.AbstractBeanFactory.resolveEmbeddedValue(AbstractBeanFactory.java:831) ~[spring-beans-4.3.13.RELEASE.jar:4.3.13.RELEASE]
	at org.springframework.beans.factory.support.DefaultListableBeanFactory.doResolveDependency(DefaultListableBeanFactory.java:1086) ~[spring-beans-4.3.13.RELEASE.jar:4.3.13.RELEASE]
	at org.springframework.beans.factory.support.DefaultListableBeanFactory.resolveDependency(DefaultListableBeanFactory.java:1066) ~[spring-beans-4.3.13.RELEASE.jar:4.3.13.RELEASE]
	at org.springframework.beans.factory.annotation.AutowiredAnnotationBeanPostProcessor$AutowiredFieldElement.inject(AutowiredAnnotationBeanPostProcessor.java:585) ~[spring-beans-4.3.13.RELEASE.jar:4.3.13.RELEASE]
	at org.springframework.beans.factory.annotation.InjectionMetadata.inject(InjectionMetadata.java:88) ~[spring-beans-4.3.13.RELEASE.jar:4.3.13.RELEASE]
	at org.springframework.beans.factory.annotation.AutowiredAnnotationBeanPostProcessor.postProcessPropertyValues(AutowiredAnnotationBeanPostProcessor.java:366) ~[spring-beans-4.3.13.RELEASE.jar:4.3.13.RELEASE]
	... 42 common frames omitted

]]></system-out>
    <system-err><![CDATA[SLF4J: Class path contains multiple SLF4J bindings.
SLF4J: Found binding in [jar:file:/C:/ext/codes/maven/m2/repository/ch/qos/logback/logback-classic/1.1.11/logback-classic-1.1.11.jar!/org/slf4j/impl/StaticLoggerBinder.class]
SLF4J: Found binding in [jar:file:/C:/ext/codes/maven/m2/repository/org/slf4j/slf4j-log4j12/1.7.25/slf4j-log4j12-1.7.25.jar!/org/slf4j/impl/StaticLoggerBinder.class]
SLF4J: See http://www.slf4j.org/codes.html#multiple_bindings for an explanation.
SLF4J: Actual binding is of type [ch.qos.logback.classic.util.ContextSelectorStaticBinder]
]]></system-err>
  </testcase>
</testsuite>